Using pre-set license
Built from '2020.3/staging' branch; Version is '2020.3.14f1 (d0d1bb862f9d) revision 13685179'; Using compiler version '192528614'; Build Type 'Release'
OS: 'Windows 10 Pro; OS build 19043.1237; Version 2009; 64bit' Language: 'es' Physical Memory: 8135 MB
BatchMode: 1, IsHumanControllingUs: 0, StartBugReporterOnCrash: 0, Is64bit: 1, IsPro: 0

 COMMAND LINE ARGUMENTS:
C:\Program Files\Unity\Hub\Editor\2020.3.14f1\Editor\Unity.exe
-adb2
-batchMode
-noUpm
-name
AssetImportWorker38
-projectPath
C:/Users/Alumne/Desktop/deimosHDRP
-logFile
Logs/AssetImportWorker38.log
-srvPort
50579
Successfully changed project path to: C:/Users/Alumne/Desktop/deimosHDRP
C:/Users/Alumne/Desktop/deimosHDRP
Using Asset Import Pipeline V2.
Refreshing native plugins compatible for Editor in 878.02 ms, found 5 plugins.
Preloading 0 native plugins for Editor in 0.00 ms.
Initialize engine version: 2020.3.14f1 (d0d1bb862f9d)
[Subsystems] Discovering subsystems at path C:/Program Files/Unity/Hub/Editor/2020.3.14f1/Editor/Data/Resources/UnitySubsystems
[Subsystems] Discovering subsystems at path C:/Users/Alumne/Desktop/deimosHDRP/Assets
GfxDevice: creating device client; threaded=0
Direct3D:
    Version:  Direct3D 11.0 [level 11.1]
    Renderer: NVIDIA GeForce GTX 1650 (ID=0x1f82)
    Vendor:   
    VRAM:     3962 MB
    Driver:   27.21.14.5751
Initialize mono
Mono path[0] = 'C:/Program Files/Unity/Hub/Editor/2020.3.14f1/Editor/Data/Managed'
Mono path[1] = 'C:/Program Files/Unity/Hub/Editor/2020.3.14f1/Editor/Data/MonoBleedingEdge/lib/mono/unityjit'
Mono config path = 'C:/Program Files/Unity/Hub/Editor/2020.3.14f1/Editor/Data/MonoBleedingEdge/etc'
Using monoOptions --debugger-agent=transport=dt_socket,embedding=1,server=y,suspend=n,address=127.0.0.1:56704
Begin MonoManager ReloadAssembly
Registering precompiled unity dll's ...
Register platform support module: C:/Program Files/Unity/Hub/Editor/2020.3.14f1/Editor/Data/PlaybackEngines/WindowsStandaloneSupport/UnityEditor.WindowsStandalone.Extensions.dll
Registered in 0.010106 seconds.
Native extension for WindowsStandalone target not found
Refreshing native plugins compatible for Editor in 426.12 ms, found 5 plugins.
Preloading 0 native plugins for Editor in 0.00 ms.
Mono: successfully reloaded assembly
- Completed reload, in  5.218 seconds
Domain Reload Profiling:
	ReloadAssembly (5220ms)
		BeginReloadAssembly (378ms)
			ExecutionOrderSort (0ms)
			DisableScriptedObjects (0ms)
			BackupInstance (0ms)
			ReleaseScriptingObjects (0ms)
			CreateAndSetChildDomain (7ms)
		EndReloadAssembly (2008ms)
			LoadAssemblies (372ms)
			RebuildTransferFunctionScriptingTraits (0ms)
			SetupTypeCache (661ms)
			ReleaseScriptCaches (0ms)
			RebuildScriptCaches (139ms)
			SetupLoadedEditorAssemblies (883ms)
				LogAssemblyErrors (0ms)
				InitializePlatformSupportModulesInManaged (5ms)
				SetLoadedEditorAssemblies (0ms)
				RefreshPlugins (427ms)
				BeforeProcessingInitializeOnLoad (17ms)
				ProcessInitializeOnLoadAttributes (328ms)
				ProcessInitializeOnLoadMethodAttributes (105ms)
				AfterProcessingInitializeOnLoad (0ms)
				EditorAssembliesLoaded (0ms)
			ExecutionOrderSort2 (0ms)
			AwakeInstancesAfterBackupRestoration (0ms)
Platform modules already initialized, skipping
Registering precompiled user dll's ...
Registered in 0.012895 seconds.
Begin MonoManager ReloadAssembly
Native extension for WindowsStandalone target not found
Refreshing native plugins compatible for Editor in 451.63 ms, found 5 plugins.
Preloading 0 native plugins for Editor in 0.00 ms.
Mono: successfully reloaded assembly
- Completed reload, in 12.702 seconds
Domain Reload Profiling:
	ReloadAssembly (12710ms)
		BeginReloadAssembly (643ms)
			ExecutionOrderSort (0ms)
			DisableScriptedObjects (19ms)
			BackupInstance (0ms)
			ReleaseScriptingObjects (0ms)
			CreateAndSetChildDomain (97ms)
		EndReloadAssembly (11800ms)
			LoadAssemblies (3072ms)
			RebuildTransferFunctionScriptingTraits (0ms)
			SetupTypeCache (1510ms)
			ReleaseScriptCaches (7ms)
			RebuildScriptCaches (1159ms)
			SetupLoadedEditorAssemblies (5371ms)
				LogAssemblyErrors (0ms)
				InitializePlatformSupportModulesInManaged (12ms)
				SetLoadedEditorAssemblies (0ms)
				RefreshPlugins (452ms)
				BeforeProcessingInitializeOnLoad (490ms)
				ProcessInitializeOnLoadAttributes (3199ms)
				ProcessInitializeOnLoadMethodAttributes (1178ms)
				AfterProcessingInitializeOnLoad (34ms)
				EditorAssembliesLoaded (5ms)
			ExecutionOrderSort2 (0ms)
			AwakeInstancesAfterBackupRestoration (9ms)
Platform modules already initialized, skipping
========================================================================
Worker process is ready to serve import requests
Launched and connected shader compiler UnityShaderCompiler.exe after 0.24 seconds
Refreshing native plugins compatible for Editor in 3.23 ms, found 5 plugins.
Preloading 0 native plugins for Editor in 0.00 ms.
Unloading 4794 Unused Serialized files (Serialized files now loaded: 0)
System memory in use before: 226.7 MB.
System memory in use after: 226.7 MB.

Unloading 42 unused Assets to reduce memory usage. Loaded Objects now: 5255.
Total: 25.552200 ms (FindLiveObjects: 0.946900 ms CreateObjectMapping: 1.113600 ms MarkObjects: 22.722000 ms  DeleteObjects: 0.767800 ms)

AssetImportParameters requested are different than current active one (requested -> active):
  custom:framework-win-MediaFoundation: 216162199b28c13a410421893ffa2e32 -> 
  custom:video-decoder-ogg-theora: a1e56fd34408186e4bbccfd4996cb3dc -> 
  custom:container-muxer-webm: aa71ff27fc2769a1b78a27578f13a17b -> 
  custom:container-demuxer-webm: 4f35f7cbe854078d1ac9338744f61a02 -> 
  custom:container-demuxer-ogg: 62fdf1f143b41e24485cea50d1cbac27 -> 
  custom:video-encoder-webm-vp8: eb34c28f22e8b96e1ab97ce403110664 -> 
  custom:video-decoder-webm-vp8: 9c59270c3fd7afecdb556c50c9e8de78 -> 
  custom:audio-decoder-ogg-vorbis: bf7c407c2cedff20999df2af8eb42d56 -> 
  custom:audio-encoder-webm-vorbis: bf7c407c2cedff20999df2af8eb42d56 -> 
========================================================================
Received Import Request.
  path: Assets/Scenes/Level1.unity
  artifactKey: Guid(864e5be1f7ab8964c84c2f60e8a95a7f) Importer(815301076,1909f56bfc062723c751e8b465ee728b)
Start importing Assets/Scenes/Level1.unity using Guid(864e5be1f7ab8964c84c2f60e8a95a7f) Importer(815301076,1909f56bfc062723c751e8b465ee728b)  -> (artifact id: 'b27b3280a4caaafd57e76769f2c1c50d') in 0.085089 seconds 
  Import took 0.112094 seconds .

========================================================================
Received Import Request.
  Time since last request: 0.000271 seconds.
  path: Assets/Props/Flower.fbx
  artifactKey: Guid(4700b3810d62b9147be99a3a11b3e83f) Importer(815301076,1909f56bfc062723c751e8b465ee728b)
Start importing Assets/Props/Flower.fbx using Guid(4700b3810d62b9147be99a3a11b3e83f) Importer(815301076,1909f56bfc062723c751e8b465ee728b) Launched and connected shader compiler UnityShaderCompiler.exe after 0.18 seconds
Launched and connected shader compiler UnityShaderCompiler.exe after 0.19 seconds
Launched and connected shader compiler UnityShaderCompiler.exe after 0.21 seconds
 -> (artifact id: '41e911d17766f5d033cccb9afb59c25e') in 34.665934 seconds 
  Import took 34.693413 seconds .

========================================================================
Received Import Request.
  Time since last request: 0.001038 seconds.
  path: Assets/Prefabs/cesped.prefab
  artifactKey: Guid(7e0c3bbc78f6ac94988cd09b41a2609b) Importer(815301076,1909f56bfc062723c751e8b465ee728b)
Start importing Assets/Prefabs/cesped.prefab using Guid(7e0c3bbc78f6ac94988cd09b41a2609b) Importer(815301076,1909f56bfc062723c751e8b465ee728b)  -> (artifact id: '42feef93744aecf968ec6d958c75db7b') in 3.484052 seconds 
  Import took 3.537726 seconds .

========================================================================
Received Import Request.
  Time since last request: 0.001493 seconds.
  path: Assets/Prefabs/CSS Artemis.prefab
  artifactKey: Guid(821941b3bc351ae43a54018de859127a) Importer(815301076,1909f56bfc062723c751e8b465ee728b)
Start importing Assets/Prefabs/CSS Artemis.prefab using Guid(821941b3bc351ae43a54018de859127a) Importer(815301076,1909f56bfc062723c751e8b465ee728b)  -> (artifact id: 'c54fd50acf7011d349fb7caf09fc1959') in 2.760840 seconds 
  Import took 2.789409 seconds .

========================================================================
Received Import Request.
  Time since last request: 0.000363 seconds.
  path: Assets/Props/cesped.fbx
  artifactKey: Guid(bcbdd1a245ab05d44a137c583d183d99) Importer(815301076,1909f56bfc062723c751e8b465ee728b)
Start importing Assets/Props/cesped.fbx using Guid(bcbdd1a245ab05d44a137c583d183d99) Importer(815301076,1909f56bfc062723c751e8b465ee728b)  -> (artifact id: '8c0148fe7c1248f1d37ccb4fdd8356f5') in 0.440497 seconds 
  Import took 0.488819 seconds .

========================================================================
Received Import Request.
  Time since last request: 0.000424 seconds.
  path: Assets/Props/Caja_Suministros.fbx
  artifactKey: Guid(91c78fba705c69246a56c99e995d7e2a) Importer(815301076,1909f56bfc062723c751e8b465ee728b)
Start importing Assets/Props/Caja_Suministros.fbx using Guid(91c78fba705c69246a56c99e995d7e2a) Importer(815301076,1909f56bfc062723c751e8b465ee728b)  -> (artifact id: '38ddb440f4e8fb06b69aa7dd4d5475b7') in 0.704144 seconds 
  Import took 0.765336 seconds .

========================================================================
Received Import Request.
  Time since last request: 0.016090 seconds.
  path: Assets/Props/house.fbx
  artifactKey: Guid(64d745025fb26ba428da01e14b594b96) Importer(815301076,1909f56bfc062723c751e8b465ee728b)
Start importing Assets/Props/house.fbx using Guid(64d745025fb26ba428da01e14b594b96) Importer(815301076,1909f56bfc062723c751e8b465ee728b)  -> (artifact id: '4d6399c99578390504b3532fdaf1a747') in 4.586719 seconds 
  Import took 4.604608 seconds .

========================================================================
Received Import Request.
  Time since last request: 0.000249 seconds.
  path: Assets/Props/House_2.fbx
  artifactKey: Guid(312350e7123977242933fce072fd2daa) Importer(815301076,1909f56bfc062723c751e8b465ee728b)
Start importing Assets/Props/House_2.fbx using Guid(312350e7123977242933fce072fd2daa) Importer(815301076,1909f56bfc062723c751e8b465ee728b)  -> (artifact id: '49f487cff94c8ac80d3fda2e3b412e7c') in 0.092968 seconds 
  Import took 0.105006 seconds .

========================================================================
Received Import Request.
  Time since last request: 0.000278 seconds.
  path: Assets/Prefabs/planta 1.prefab
  artifactKey: Guid(63899d87e78a9c640860145371354889) Importer(815301076,1909f56bfc062723c751e8b465ee728b)
Start importing Assets/Prefabs/planta 1.prefab using Guid(63899d87e78a9c640860145371354889) Importer(815301076,1909f56bfc062723c751e8b465ee728b)  -> (artifact id: 'e47dda794011fed9082f34f02551544e') in 0.130087 seconds 
  Import took 0.148411 seconds .

========================================================================
Received Import Request.
  Time since last request: 0.000417 seconds.
  path: Assets/Props/structure_1.fbx
  artifactKey: Guid(7ae02325eef9fa748a5280335aa3c347) Importer(815301076,1909f56bfc062723c751e8b465ee728b)
Start importing Assets/Props/structure_1.fbx using Guid(7ae02325eef9fa748a5280335aa3c347) Importer(815301076,1909f56bfc062723c751e8b465ee728b)  -> (artifact id: '31b700c73071c0cd1dae649cfb19b030') in 0.090892 seconds 
  Import took 0.104732 seconds .

========================================================================
Received Import Request.
  Time since last request: 0.000282 seconds.
  path: Assets/Prefabs/oldcolumn_final.prefab
  artifactKey: Guid(749144f1bd88b33418bd31b629d6dab4) Importer(815301076,1909f56bfc062723c751e8b465ee728b)
Start importing Assets/Prefabs/oldcolumn_final.prefab using Guid(749144f1bd88b33418bd31b629d6dab4) Importer(815301076,1909f56bfc062723c751e8b465ee728b)  -> (artifact id: 'f7c6a581b6f4a17a7e96949e1512db41') in 1.303163 seconds 
  Import took 1.328568 seconds .

========================================================================
Received Import Request.
  Time since last request: 0.001722 seconds.
  path: Assets/Props/planta 2.fbx
  artifactKey: Guid(71d1e21bf02a21441821519d6180b827) Importer(815301076,1909f56bfc062723c751e8b465ee728b)
Start importing Assets/Props/planta 2.fbx using Guid(71d1e21bf02a21441821519d6180b827) Importer(815301076,1909f56bfc062723c751e8b465ee728b)  -> (artifact id: '36ff819d01ce769787242a0d0e6d037c') in 0.963658 seconds 
  Import took 1.004255 seconds .

========================================================================
Received Import Request.
  Time since last request: 0.000320 seconds.
  path: Assets/Props/rama.fbx
  artifactKey: Guid(de35ee8932f5b65478b660de0b5d1604) Importer(815301076,1909f56bfc062723c751e8b465ee728b)
Start importing Assets/Props/rama.fbx using Guid(de35ee8932f5b65478b660de0b5d1604) Importer(815301076,1909f56bfc062723c751e8b465ee728b)  -> (artifact id: '53bdd8fd61570c91bc967f438a66c26b') in 2.174101 seconds 
  Import took 2.232096 seconds .

========================================================================
Received Import Request.
  Time since last request: 0.000342 seconds.
  path: Assets/Props/Small_Rock_01.fbx
  artifactKey: Guid(3cbd5af58fb10a840afdee4d87f1847f) Importer(815301076,1909f56bfc062723c751e8b465ee728b)
Start importing Assets/Props/Small_Rock_01.fbx using Guid(3cbd5af58fb10a840afdee4d87f1847f) Importer(815301076,1909f56bfc062723c751e8b465ee728b)  -> (artifact id: '3c8eeaa514d2a436c4009ca19c4c91b0') in 0.146338 seconds 
  Import took 0.164793 seconds .

========================================================================
Received Import Request.
  Time since last request: 0.000342 seconds.
  path: Assets/Prefabs/Flower.prefab
  artifactKey: Guid(7ffab60eaa2b9954e89552ca667f76a4) Importer(815301076,1909f56bfc062723c751e8b465ee728b)
Start importing Assets/Prefabs/Flower.prefab using Guid(7ffab60eaa2b9954e89552ca667f76a4) Importer(815301076,1909f56bfc062723c751e8b465ee728b)  -> (artifact id: 'da6cb67fd6d2b8dbb28dd1929a8ee773') in 0.197982 seconds 
  Import took 0.238552 seconds .

========================================================================
Received Import Request.
  Time since last request: 0.002486 seconds.
  path: Assets/Prefabs/seta 4.prefab
  artifactKey: Guid(7327547e3b82f2347a9adb85c772ed93) Importer(815301076,1909f56bfc062723c751e8b465ee728b)
Start importing Assets/Prefabs/seta 4.prefab using Guid(7327547e3b82f2347a9adb85c772ed93) Importer(815301076,1909f56bfc062723c751e8b465ee728b)  -> (artifact id: '1b46b74521939e08242a855ddda174c9') in 0.819311 seconds 
  Import took 0.853764 seconds .

========================================================================
Received Import Request.
  Time since last request: 0.000298 seconds.
  path: Assets/Props/Small_Rock_05.fbx
  artifactKey: Guid(911fead1061463243ab38ddfa733a082) Importer(815301076,1909f56bfc062723c751e8b465ee728b)
Start importing Assets/Props/Small_Rock_05.fbx using Guid(911fead1061463243ab38ddfa733a082) Importer(815301076,1909f56bfc062723c751e8b465ee728b)  -> (artifact id: '57b51ee7cbd3ea0013189a3f641d7bbb') in 0.070209 seconds 
  Import took 0.088712 seconds .

========================================================================
Received Import Request.
  Time since last request: 0.000309 seconds.
  path: Assets/Prefabs/Small_Rock_03.prefab
  artifactKey: Guid(e01a3a94d2f966e49b521755ed275de8) Importer(815301076,1909f56bfc062723c751e8b465ee728b)
Start importing Assets/Prefabs/Small_Rock_03.prefab using Guid(e01a3a94d2f966e49b521755ed275de8) Importer(815301076,1909f56bfc062723c751e8b465ee728b)  -> (artifact id: '418868827ac0e87c9bc9533a37222e10') in 0.075077 seconds 
  Import took 0.088489 seconds .

========================================================================
Received Import Request.
  Time since last request: 0.000296 seconds.
  path: Assets/Props/column_final.fbx
  artifactKey: Guid(3f13a41b502dfaf43af46d552b18796e) Importer(815301076,1909f56bfc062723c751e8b465ee728b)
Start importing Assets/Props/column_final.fbx using Guid(3f13a41b502dfaf43af46d552b18796e) Importer(815301076,1909f56bfc062723c751e8b465ee728b)  -> (artifact id: '10c781b08c7ade7d50c76b265532ca07') in 0.133426 seconds 
  Import took 0.158397 seconds .

========================================================================
Received Import Request.
  Time since last request: 0.000299 seconds.
  path: Assets/Prefabs/hojas.prefab
  artifactKey: Guid(de304d6b511fb5e47b01092424c02383) Importer(815301076,1909f56bfc062723c751e8b465ee728b)
Start importing Assets/Prefabs/hojas.prefab using Guid(de304d6b511fb5e47b01092424c02383) Importer(815301076,1909f56bfc062723c751e8b465ee728b)  -> (artifact id: '8b92b81ecd8b9efaeda7ae71489eba72') in 0.142433 seconds 
  Import took 0.158849 seconds .

========================================================================
Received Import Request.
  Time since last request: 0.000296 seconds.
  path: Assets/Props/Rock_01.fbx
  artifactKey: Guid(d26563594694b0d41a3e6e98cff2b659) Importer(815301076,1909f56bfc062723c751e8b465ee728b)
Start importing Assets/Props/Rock_01.fbx using Guid(d26563594694b0d41a3e6e98cff2b659) Importer(815301076,1909f56bfc062723c751e8b465ee728b)  -> (artifact id: '4045979b5c05d1a35bd4dfcd2c76b59f') in 0.607131 seconds 
  Import took 0.644020 seconds .

========================================================================
Received Import Request.
  Time since last request: 0.002869 seconds.
  path: Assets/Props/Rock_01.fbx
  artifactKey: Guid(d26563594694b0d41a3e6e98cff2b659) Importer(815301076,1909f56bfc062723c751e8b465ee728b)
Start importing Assets/Props/Rock_01.fbx using Guid(d26563594694b0d41a3e6e98cff2b659) Importer(815301076,1909f56bfc062723c751e8b465ee728b)  -> (artifact id: '4045979b5c05d1a35bd4dfcd2c76b59f') in 0.451421 seconds 
  Import took 0.484700 seconds .

========================================================================
Received Import Request.
  Time since last request: 0.000838 seconds.
  path: Assets/Props/arbol.fbx
  artifactKey: Guid(3d1a89d0669faa741b951eb0e94f0df7) Importer(815301076,1909f56bfc062723c751e8b465ee728b)
Start importing Assets/Props/arbol.fbx using Guid(3d1a89d0669faa741b951eb0e94f0df7) Importer(815301076,1909f56bfc062723c751e8b465ee728b)  -> (artifact id: '019d729ac6d5695a33772b2daa2b34bd') in 2.232898 seconds 
  Import took 2.288604 seconds .

========================================================================
Received Import Request.
  Time since last request: 0.000443 seconds.
  path: Assets/Props/Tronco_Caido.fbx
  artifactKey: Guid(0d4d78218cb0cc644b215e92f60637b3) Importer(815301076,1909f56bfc062723c751e8b465ee728b)
Start importing Assets/Props/Tronco_Caido.fbx using Guid(0d4d78218cb0cc644b215e92f60637b3) Importer(815301076,1909f56bfc062723c751e8b465ee728b)  -> (artifact id: '2b2a4cb099b7d96aa0d77512ad09b4a5') in 0.234478 seconds 
  Import took 0.278984 seconds .

========================================================================
Received Import Request.
  Time since last request: 0.000994 seconds.
  path: Assets/Props/SETA.fbx
  artifactKey: Guid(2a5b38b034260e44fb51a7f225ea280a) Importer(815301076,1909f56bfc062723c751e8b465ee728b)
Start importing Assets/Props/SETA.fbx using Guid(2a5b38b034260e44fb51a7f225ea280a) Importer(815301076,1909f56bfc062723c751e8b465ee728b)  -> (artifact id: 'cbaec2fc20f5e074b03bb5b759fbd954') in 1.159649 seconds 
  Import took 1.177352 seconds .

========================================================================
Received Import Request.
  Time since last request: 0.000376 seconds.
  path: Assets/Props/Small_Rock_02.fbx
  artifactKey: Guid(eb0f850c11050af459a6f9475aafe278) Importer(815301076,1909f56bfc062723c751e8b465ee728b)
Start importing Assets/Props/Small_Rock_02.fbx using Guid(eb0f850c11050af459a6f9475aafe278) Importer(815301076,1909f56bfc062723c751e8b465ee728b)  -> (artifact id: '7c1af99a393ca5dfce8f99b04e023319') in 0.139565 seconds 
  Import took 0.162253 seconds .

========================================================================
Received Import Request.
  Time since last request: 0.142010 seconds.
  path: Assets/Props/column_middle.fbx
  artifactKey: Guid(246f674cb4ec2724bb598539e09aa948) Importer(815301076,1909f56bfc062723c751e8b465ee728b)
Start importing Assets/Props/column_middle.fbx using Guid(246f674cb4ec2724bb598539e09aa948) Importer(815301076,1909f56bfc062723c751e8b465ee728b)  -> (artifact id: 'c0b8e7d631a38a705ecf0781a329193c') in 0.594603 seconds 
  Import took 0.700492 seconds .

========================================================================
Received Import Request.
  Time since last request: 0.000625 seconds.
  path: Assets/Props/house.fbx
  artifactKey: Guid(64d745025fb26ba428da01e14b594b96) Importer(815301076,1909f56bfc062723c751e8b465ee728b)
Start importing Assets/Props/house.fbx using Guid(64d745025fb26ba428da01e14b594b96) Importer(815301076,1909f56bfc062723c751e8b465ee728b)  -> (artifact id: '0c66eb6645c6f509914226db88777cae') in 0.720886 seconds 
  Import took 0.786727 seconds .

========================================================================
Received Import Request.
  Time since last request: 0.002264 seconds.
  path: Assets/Props/House_1.fbx
  artifactKey: Guid(5b4dc2c60e3817e4094715617e4bcc96) Importer(815301076,1909f56bfc062723c751e8b465ee728b)
Start importing Assets/Props/House_1.fbx using Guid(5b4dc2c60e3817e4094715617e4bcc96) Importer(815301076,1909f56bfc062723c751e8b465ee728b)  -> (artifact id: '130f9ee541b1e54c8156048971378b82') in 0.633569 seconds 
  Import took 0.681397 seconds .

========================================================================
Received Import Request.
  Time since last request: 0.003393 seconds.
  path: Assets/Props/Small_Rock_03.fbx
  artifactKey: Guid(21c65b512df3d624ebb546f0f0c950e3) Importer(815301076,1909f56bfc062723c751e8b465ee728b)
Start importing Assets/Props/Small_Rock_03.fbx using Guid(21c65b512df3d624ebb546f0f0c950e3) Importer(815301076,1909f56bfc062723c751e8b465ee728b)  -> (artifact id: '1e6d1a71934086becbc9cf3858d0312b') in 0.608428 seconds 
  Import took 0.657802 seconds .

========================================================================
Received Import Request.
  Time since last request: 0.001980 seconds.
  path: Assets/Props/columna.fbx
  artifactKey: Guid(5dbf3c0e36fc8a44ca6175a84d35a770) Importer(815301076,1909f56bfc062723c751e8b465ee728b)
Start importing Assets/Props/columna.fbx using Guid(5dbf3c0e36fc8a44ca6175a84d35a770) Importer(815301076,1909f56bfc062723c751e8b465ee728b)  -> (artifact id: '35801180fd955a5ce8a7928ea6e583f4') in 0.363900 seconds 
  Import took 0.408917 seconds .

========================================================================
Received Import Request.
  Time since last request: 0.001325 seconds.
  path: Assets/Props/Partenon_cornise_1.fbx
  artifactKey: Guid(92a5ba23d7d3c9f4ea16da77fc9ed277) Importer(815301076,1909f56bfc062723c751e8b465ee728b)
Start importing Assets/Props/Partenon_cornise_1.fbx using Guid(92a5ba23d7d3c9f4ea16da77fc9ed277) Importer(815301076,1909f56bfc062723c751e8b465ee728b)  -> (artifact id: '76bac398ee3d8c192c585f8b4dae29bd') in 0.320154 seconds 
  Import took 0.354437 seconds .

========================================================================
Received Import Request.
  Time since last request: 0.000374 seconds.
  path: Assets/Props/SETA 2.fbx
  artifactKey: Guid(240660ba50a0ba449b9cfdebe6587312) Importer(815301076,1909f56bfc062723c751e8b465ee728b)
Start importing Assets/Props/SETA 2.fbx using Guid(240660ba50a0ba449b9cfdebe6587312) Importer(815301076,1909f56bfc062723c751e8b465ee728b)  -> (artifact id: '391279abcd16cf1a6af6f3a9bd870598') in 0.351086 seconds 
  Import took 0.370779 seconds .

========================================================================
Received Import Request.
  Time since last request: 0.000460 seconds.
  path: Assets/Props/Partenon_base.fbx
  artifactKey: Guid(c00397485344aab428c08420d45e1668) Importer(815301076,1909f56bfc062723c751e8b465ee728b)
Start importing Assets/Props/Partenon_base.fbx using Guid(c00397485344aab428c08420d45e1668) Importer(815301076,1909f56bfc062723c751e8b465ee728b)  -> (artifact id: '59a7b80efc1a9357cbde0ef3a7c53876') in 0.096400 seconds 
  Import took 0.111391 seconds .

========================================================================
Received Import Request.
  Time since last request: 0.000329 seconds.
  path: Assets/Props/Small_Rock_04.fbx
  artifactKey: Guid(f4d0bb1a6377d144787bf0a18c2ad109) Importer(815301076,1909f56bfc062723c751e8b465ee728b)
Start importing Assets/Props/Small_Rock_04.fbx using Guid(f4d0bb1a6377d144787bf0a18c2ad109) Importer(815301076,1909f56bfc062723c751e8b465ee728b)  -> (artifact id: '9bd30a77c3b9509439f8b2e4614da23f') in 0.093600 seconds 
  Import took 0.211226 seconds .

========================================================================
Received Import Request.
  Time since last request: 0.000341 seconds.
  path: Assets/Props/CSS Artemis.fbx
  artifactKey: Guid(cda84ed542721f24797137be98b4ff8d) Importer(815301076,1909f56bfc062723c751e8b465ee728b)
Start importing Assets/Props/CSS Artemis.fbx using Guid(cda84ed542721f24797137be98b4ff8d) Importer(815301076,1909f56bfc062723c751e8b465ee728b)  -> (artifact id: '4dbc4eaa60765999c904db21cf797d80') in 0.089870 seconds 
  Import took 0.107218 seconds .

========================================================================
Received Import Request.
  Time since last request: 0.000329 seconds.
  path: Assets/Props/House_3.fbx
  artifactKey: Guid(c1fee8fcf5af7f443a2aeeba680d7e55) Importer(815301076,1909f56bfc062723c751e8b465ee728b)
Start importing Assets/Props/House_3.fbx using Guid(c1fee8fcf5af7f443a2aeeba680d7e55) Importer(815301076,1909f56bfc062723c751e8b465ee728b)  -> (artifact id: '91c38c0b02bbf3a4890f7c64b05862bb') in 0.199768 seconds 
  Import took 0.229818 seconds .

========================================================================
Received Import Request.
  Time since last request: 0.002096 seconds.
  path: Assets/Props/hojas.fbx
  artifactKey: Guid(7165f4fa4e3095c4db5f80f56e4b8551) Importer(815301076,1909f56bfc062723c751e8b465ee728b)
Start importing Assets/Props/hojas.fbx using Guid(7165f4fa4e3095c4db5f80f56e4b8551) Importer(815301076,1909f56bfc062723c751e8b465ee728b)  -> (artifact id: 'f7c63c068a85cac1c7206b21742f9114') in 0.219987 seconds 
  Import took 0.242022 seconds .

========================================================================
Received Import Request.
  Time since last request: 0.000294 seconds.
  path: Assets/Props/Partenon_cornise_2.fbx
  artifactKey: Guid(1819103acfc96254bba980a13e1387c1) Importer(815301076,1909f56bfc062723c751e8b465ee728b)
Start importing Assets/Props/Partenon_cornise_2.fbx using Guid(1819103acfc96254bba980a13e1387c1) Importer(815301076,1909f56bfc062723c751e8b465ee728b)  -> (artifact id: '11d0cd8a6e2c10b9174626cc7266b95c') in 0.198232 seconds 
  Import took 0.226407 seconds .

========================================================================
Received Import Request.
  Time since last request: 0.000294 seconds.
  path: Assets/Props/Tree_4.fbx
  artifactKey: Guid(026cf50163c508b42982181dd90c2e52) Importer(815301076,1909f56bfc062723c751e8b465ee728b)
Start importing Assets/Props/Tree_4.fbx using Guid(026cf50163c508b42982181dd90c2e52) Importer(815301076,1909f56bfc062723c751e8b465ee728b)  -> (artifact id: '3225595501627e362e69e9e88e71fcba') in 0.380532 seconds 
  Import took 0.419725 seconds .

========================================================================
Received Import Request.
  Time since last request: 0.000068 seconds.
  path: Assets/Props/seta 4.fbx
  artifactKey: Guid(23aef822d93d5f54799397aaf4f8a108) Importer(815301076,1909f56bfc062723c751e8b465ee728b)
Start importing Assets/Props/seta 4.fbx using Guid(23aef822d93d5f54799397aaf4f8a108) Importer(815301076,1909f56bfc062723c751e8b465ee728b)  -> (artifact id: '50d41c09b463c497681ff3d4f1986bd4') in 3.121290 seconds 
  Import took 3.186609 seconds .

========================================================================
Received Import Request.
  Time since last request: 0.000435 seconds.
  path: Assets/Props/planta 1.fbx
  artifactKey: Guid(4ad7174db2b88a04db8b497937ad946c) Importer(815301076,1909f56bfc062723c751e8b465ee728b)
Start importing Assets/Props/planta 1.fbx using Guid(4ad7174db2b88a04db8b497937ad946c) Importer(815301076,1909f56bfc062723c751e8b465ee728b)  -> (artifact id: '46fca51d31a557e8c464a8fc662c0659') in 1.831071 seconds 
  Import took 1.960627 seconds .

========================================================================
Received Import Request.
  Time since last request: 0.000580 seconds.
  path: Assets/Props/cristales suelo.fbx
  artifactKey: Guid(f0db13bc607e3374bb5e74c5000c2c96) Importer(815301076,1909f56bfc062723c751e8b465ee728b)
Start importing Assets/Props/cristales suelo.fbx using Guid(f0db13bc607e3374bb5e74c5000c2c96) Importer(815301076,1909f56bfc062723c751e8b465ee728b)  -> (artifact id: '6cf3abd4a9db0d4d0c505e4648524632') in 0.230117 seconds 
  Import took 0.270351 seconds .

========================================================================
Received Prepare
Registering precompiled user dll's ...
Registered in 0.015773 seconds.
Begin MonoManager ReloadAssembly
Native extension for WindowsStandalone target not found
Refreshing native plugins compatible for Editor in 1.04 ms, found 5 plugins.
Preloading 0 native plugins for Editor in 0.00 ms.
Mono: successfully reloaded assembly
- Completed reload, in  2.610 seconds
Domain Reload Profiling:
	ReloadAssembly (2611ms)
		BeginReloadAssembly (298ms)
			ExecutionOrderSort (2ms)
			DisableScriptedObjects (63ms)
			BackupInstance (0ms)
			ReleaseScriptingObjects (0ms)
			CreateAndSetChildDomain (73ms)
		EndReloadAssembly (2232ms)
			LoadAssemblies (137ms)
			RebuildTransferFunctionScriptingTraits (0ms)
			SetupTypeCache (515ms)
			ReleaseScriptCaches (4ms)
			RebuildScriptCaches (98ms)
			SetupLoadedEditorAssemblies (1114ms)
				LogAssemblyErrors (0ms)
				InitializePlatformSupportModulesInManaged (5ms)
				SetLoadedEditorAssemblies (0ms)
				RefreshPlugins (1ms)
				BeforeProcessingInitializeOnLoad (152ms)
				ProcessInitializeOnLoadAttributes (940ms)
				ProcessInitializeOnLoadMethodAttributes (9ms)
				AfterProcessingInitializeOnLoad (6ms)
				EditorAssembliesLoaded (0ms)
			ExecutionOrderSort2 (0ms)
			AwakeInstancesAfterBackupRestoration (14ms)
Platform modules already initialized, skipping
Refreshing native plugins compatible for Editor in 1.08 ms, found 5 plugins.
Preloading 0 native plugins for Editor in 0.00 ms.
Unloading 4455 Unused Serialized files (Serialized files now loaded: 0)
System memory in use before: 218.5 MB.
System memory in use after: 218.6 MB.

Unloading 25 unused Assets to reduce memory usage. Loaded Objects now: 5427.
Total: 4.440400 ms (FindLiveObjects: 0.549400 ms CreateObjectMapping: 0.490000 ms MarkObjects: 3.220000 ms  DeleteObjects: 0.179400 ms)

AssetImportParameters requested are different than current active one (requested -> active):
  custom:framework-win-MediaFoundation: 216162199b28c13a410421893ffa2e32 -> 
  custom:video-decoder-ogg-theora: a1e56fd34408186e4bbccfd4996cb3dc -> 
  custom:container-muxer-webm: aa71ff27fc2769a1b78a27578f13a17b -> 
  custom:container-demuxer-webm: 4f35f7cbe854078d1ac9338744f61a02 -> 
  custom:container-demuxer-ogg: 62fdf1f143b41e24485cea50d1cbac27 -> 
  custom:video-encoder-webm-vp8: eb34c28f22e8b96e1ab97ce403110664 -> 
  custom:video-decoder-webm-vp8: 9c59270c3fd7afecdb556c50c9e8de78 -> 
  custom:audio-decoder-ogg-vorbis: bf7c407c2cedff20999df2af8eb42d56 -> 
  custom:audio-encoder-webm-vorbis: bf7c407c2cedff20999df2af8eb42d56 -> 
========================================================================
Received Import Request.
  Time since last request: 2614.167074 seconds.
  path: Assets/Props/CAPSULA.fbx
  artifactKey: Guid(89921f62e5cc92948b1246ea2a4cd15b) Importer(815301076,1909f56bfc062723c751e8b465ee728b)
Start importing Assets/Props/CAPSULA.fbx using Guid(89921f62e5cc92948b1246ea2a4cd15b) Importer(815301076,1909f56bfc062723c751e8b465ee728b)  -> (artifact id: 'c49fec8e5e79ecf468023d3bc10484cc') in 0.819064 seconds 
  Import took 0.832907 seconds .

========================================================================
Received Import Request.
  Time since last request: 7.028889 seconds.
  path: Assets/Escombros.fbx
  artifactKey: Guid(73c2be79cfa158447814092e673b0c1a) Importer(815301076,1909f56bfc062723c751e8b465ee728b)
Start importing Assets/Escombros.fbx using Guid(73c2be79cfa158447814092e673b0c1a) Importer(815301076,1909f56bfc062723c751e8b465ee728b)  -> (artifact id: 'acae374d527d28da4100debd4cd5074b') in 0.039488 seconds 
  Import took 0.094343 seconds .

========================================================================
Received Import Request.
  Time since last request: 1.137395 seconds.
  path: Assets/Materials
  artifactKey: Guid(e1798a28c3a315046b33442ee0c57ccd) Importer(815301076,1909f56bfc062723c751e8b465ee728b)
Start importing Assets/Materials using Guid(e1798a28c3a315046b33442ee0c57ccd) Importer(815301076,1909f56bfc062723c751e8b465ee728b)  -> (artifact id: '96c55321922155916484d99b296d0320') in 0.015912 seconds 
  Import took 0.039205 seconds .

========================================================================
Received Import Request.
  Time since last request: 0.039499 seconds.
  path: Assets/Materials/Artemis.mat
  artifactKey: Guid(9fcceb4a5ed977f46956df030e277cc0) Importer(815301076,1909f56bfc062723c751e8b465ee728b)
Start importing Assets/Materials/Artemis.mat using Guid(9fcceb4a5ed977f46956df030e277cc0) Importer(815301076,1909f56bfc062723c751e8b465ee728b)  -> (artifact id: '3da4c5f48dc65d251480c8e14cc0cb56') in 0.068144 seconds 
  Import took 0.077155 seconds .

========================================================================
Received Import Request.
  Time since last request: 0.000193 seconds.
  path: Assets/Materials/Partenon_base_Material _62_MaskMap.mat
  artifactKey: Guid(94e551abb25db9b4989bd719445d6d61) Importer(815301076,1909f56bfc062723c751e8b465ee728b)
Start importing Assets/Materials/Partenon_base_Material _62_MaskMap.mat using Guid(94e551abb25db9b4989bd719445d6d61) Importer(815301076,1909f56bfc062723c751e8b465ee728b)  -> (artifact id: '41bfb58ec7531be85675b726f533b726') in 0.068519 seconds 
  Import took 0.076816 seconds .

========================================================================
Received Import Request.
  Time since last request: 0.000220 seconds.
  path: Assets/Materials/seta4coso.mat
  artifactKey: Guid(c5c427ebfc29f20418c6d4d3d9c7452c) Importer(815301076,1909f56bfc062723c751e8b465ee728b)
Start importing Assets/Materials/seta4coso.mat using Guid(c5c427ebfc29f20418c6d4d3d9c7452c) Importer(815301076,1909f56bfc062723c751e8b465ee728b)  -> (artifact id: '64c8fb0751cc546b1b1f7de66196dc62') in 0.056648 seconds 
  Import took 0.067219 seconds .

========================================================================
Received Import Request.
  Time since last request: 0.000280 seconds.
  path: Assets/Materials/tija.mat
  artifactKey: Guid(b165f1c1d5768724fab6b33d15bfac03) Importer(815301076,1909f56bfc062723c751e8b465ee728b)
Start importing Assets/Materials/tija.mat using Guid(b165f1c1d5768724fab6b33d15bfac03) Importer(815301076,1909f56bfc062723c751e8b465ee728b)  -> (artifact id: 'd0f6f4fc899a3a0a595b85362b53f2a1') in 0.042358 seconds 
  Import took 0.053491 seconds .

========================================================================
Received Import Request.
  Time since last request: 0.000283 seconds.
  path: Assets/Materials/rock_black.mat
  artifactKey: Guid(8a8e6a4b54acdad478ae5bb5d553779f) Importer(815301076,1909f56bfc062723c751e8b465ee728b)
Start importing Assets/Materials/rock_black.mat using Guid(8a8e6a4b54acdad478ae5bb5d553779f) Importer(815301076,1909f56bfc062723c751e8b465ee728b)  -> (artifact id: 'fb61568637b37f40446ffd61a48ab5ac') in 0.059639 seconds 
  Import took 0.070980 seconds .

========================================================================
Received Import Request.
  Time since last request: 0.000290 seconds.
  path: Assets/Materials/rama tronco.mat
  artifactKey: Guid(6190e337d18e1f8489f714b74726097b) Importer(815301076,1909f56bfc062723c751e8b465ee728b)
Start importing Assets/Materials/rama tronco.mat using Guid(6190e337d18e1f8489f714b74726097b) Importer(815301076,1909f56bfc062723c751e8b465ee728b)  -> (artifact id: 'e7c5bf54403a94caa26507064f227291') in 0.111210 seconds 
  Import took 0.119589 seconds .

========================================================================
Received Import Request.
  Time since last request: 0.000298 seconds.
  path: Assets/Materials/tronco.mat
  artifactKey: Guid(60ffb743e8da6bb4885d566ebe330e8d) Importer(815301076,1909f56bfc062723c751e8b465ee728b)
Start importing Assets/Materials/tronco.mat using Guid(60ffb743e8da6bb4885d566ebe330e8d) Importer(815301076,1909f56bfc062723c751e8b465ee728b)  -> (artifact id: '48082e5c49b6a2e5921b9b1f4685ba7f') in 0.539166 seconds 
  Import took 0.548785 seconds .

========================================================================
Received Import Request.
  Time since last request: 0.000204 seconds.
  path: Assets/Materials/TexturesCom_Rock_Lava2_1K_albedo 1.mat
  artifactKey: Guid(df5021cd738add346a9a3fd53b5f1a23) Importer(815301076,1909f56bfc062723c751e8b465ee728b)
Start importing Assets/Materials/TexturesCom_Rock_Lava2_1K_albedo 1.mat using Guid(df5021cd738add346a9a3fd53b5f1a23) Importer(815301076,1909f56bfc062723c751e8b465ee728b)  -> (artifact id: '14f79781d59b1a1b0a4240a4710431d2') in 0.050653 seconds 
  Import took 0.063150 seconds .

========================================================================
Received Import Request.
  Time since last request: 0.000216 seconds.
  path: Assets/Materials/fulles.mat
  artifactKey: Guid(9a3044418590b6d418e12360f53935fa) Importer(815301076,1909f56bfc062723c751e8b465ee728b)
Start importing Assets/Materials/fulles.mat using Guid(9a3044418590b6d418e12360f53935fa) Importer(815301076,1909f56bfc062723c751e8b465ee728b)  -> (artifact id: 'fd2ead68b1b41590dd9d2e1e3794bc0a') in 0.093029 seconds 
  Import took 0.102722 seconds .

========================================================================
Received Import Request.
  Time since last request: 0.000267 seconds.
  path: Assets/Materials/rama hierba.mat
  artifactKey: Guid(bd9cfe91872a70a4cb1bcaa661dc1ce3) Importer(815301076,1909f56bfc062723c751e8b465ee728b)
Start importing Assets/Materials/rama hierba.mat using Guid(bd9cfe91872a70a4cb1bcaa661dc1ce3) Importer(815301076,1909f56bfc062723c751e8b465ee728b)  -> (artifact id: '80fdbe088d48b66046e48029e74fce0b') in 0.036756 seconds 
  Import took 0.048524 seconds .

========================================================================
Received Import Request.
  Time since last request: 0.000387 seconds.
  path: Assets/Materials/Column_Material _62_Normal.mat
  artifactKey: Guid(94723ad0e36735f48a7dcbbc753bb837) Importer(815301076,1909f56bfc062723c751e8b465ee728b)
Start importing Assets/Materials/Column_Material _62_Normal.mat using Guid(94723ad0e36735f48a7dcbbc753bb837) Importer(815301076,1909f56bfc062723c751e8b465ee728b)  -> (artifact id: '3a377ac6da366917e400a0a33fda4454') in 0.048579 seconds 
  Import took 0.059582 seconds .

========================================================================
Received Import Request.
  Time since last request: 0.000289 seconds.
  path: Assets/Materials/TexturesCom_Rock_Lava2_1K_albedo.mat
  artifactKey: Guid(ce7390a1155b52b4487ffe56eb900838) Importer(815301076,1909f56bfc062723c751e8b465ee728b)
Start importing Assets/Materials/TexturesCom_Rock_Lava2_1K_albedo.mat using Guid(ce7390a1155b52b4487ffe56eb900838) Importer(815301076,1909f56bfc062723c751e8b465ee728b)  -> (artifact id: '50ed0bf438c77ec8c148f306cbe7727b') in 0.047395 seconds 
  Import took 0.056776 seconds .

========================================================================
Received Import Request.
  Time since last request: 0.000260 seconds.
  path: Assets/Materials/seta4crystal.mat
  artifactKey: Guid(31a470fdb64bdde4395f95800f6b87ac) Importer(815301076,1909f56bfc062723c751e8b465ee728b)
Start importing Assets/Materials/seta4crystal.mat using Guid(31a470fdb64bdde4395f95800f6b87ac) Importer(815301076,1909f56bfc062723c751e8b465ee728b)  -> (artifact id: '3fb16259731f79e1828e5d2eddabaf68') in 0.052520 seconds 
  Import took 0.061943 seconds .

========================================================================
Received Import Request.
  Time since last request: 0.000181 seconds.
  path: Assets/Materials/Partenon_cornise_2_Material _62_BaseMap.mat
  artifactKey: Guid(64058fb7e7d4d0d4b9cf3ed53113f97c) Importer(815301076,1909f56bfc062723c751e8b465ee728b)
Start importing Assets/Materials/Partenon_cornise_2_Material _62_BaseMap.mat using Guid(64058fb7e7d4d0d4b9cf3ed53113f97c) Importer(815301076,1909f56bfc062723c751e8b465ee728b)  -> (artifact id: '5bf16a88f6784b9c1fc7de07c91f97a4') in 0.060922 seconds 
  Import took 0.070746 seconds .

========================================================================
Received Import Request.
  Time since last request: 0.000190 seconds.
  path: Assets/Materials/Column_Material _62_MaskMap.mat
  artifactKey: Guid(572bcdbf9ab37d54cadc0eea7e5d08ea) Importer(815301076,1909f56bfc062723c751e8b465ee728b)
Start importing Assets/Materials/Column_Material _62_MaskMap.mat using Guid(572bcdbf9ab37d54cadc0eea7e5d08ea) Importer(815301076,1909f56bfc062723c751e8b465ee728b)  -> (artifact id: 'cafaa806ab6f35cd5fe99fdcb7995032') in 0.044337 seconds 
  Import took 0.056887 seconds .

========================================================================
Received Import Request.
  Time since last request: 0.000260 seconds.
  path: Assets/Materials/Partenon_base_Material _62_BaseMap.mat
  artifactKey: Guid(54aef92f301553e4d9689a740fdabfff) Importer(815301076,1909f56bfc062723c751e8b465ee728b)
Start importing Assets/Materials/Partenon_base_Material _62_BaseMap.mat using Guid(54aef92f301553e4d9689a740fdabfff) Importer(815301076,1909f56bfc062723c751e8b465ee728b)  -> (artifact id: 'a76d0d2873aedfd0622219cf0f5d065c') in 0.047741 seconds 
  Import took 0.056696 seconds .

========================================================================
Received Import Request.
  Time since last request: 0.000189 seconds.
  path: Assets/Materials/seta4lianas.mat
  artifactKey: Guid(8b3ae293a8187fe41aa5963267c0a88b) Importer(815301076,1909f56bfc062723c751e8b465ee728b)
Start importing Assets/Materials/seta4lianas.mat using Guid(8b3ae293a8187fe41aa5963267c0a88b) Importer(815301076,1909f56bfc062723c751e8b465ee728b)  -> (artifact id: 'd372802aee5458deef0ebcab762a6ef3') in 0.056217 seconds 
  Import took 0.065195 seconds .

========================================================================
Received Import Request.
  Time since last request: 0.000210 seconds.
  path: Assets/Materials/OldColumn_mid_Material _62_BaseMap.mat
  artifactKey: Guid(27aecba3fc9fa77489a030609582d587) Importer(815301076,1909f56bfc062723c751e8b465ee728b)
Start importing Assets/Materials/OldColumn_mid_Material _62_BaseMap.mat using Guid(27aecba3fc9fa77489a030609582d587) Importer(815301076,1909f56bfc062723c751e8b465ee728b)  -> (artifact id: '18d8719932f5cdf6ba010a9bbd9f8cbb') in 0.062468 seconds 
  Import took 0.070765 seconds .

========================================================================
Received Import Request.
  Time since last request: 0.000184 seconds.
  path: Assets/Materials/seta4base.mat
  artifactKey: Guid(16aba83e84f93de40bb66780f1c8d36f) Importer(815301076,1909f56bfc062723c751e8b465ee728b)
Start importing Assets/Materials/seta4base.mat using Guid(16aba83e84f93de40bb66780f1c8d36f) Importer(815301076,1909f56bfc062723c751e8b465ee728b)  -> (artifact id: 'ba909076c81422e811270037fbd832da') in 0.055251 seconds 
  Import took 0.063380 seconds .

========================================================================
Received Import Request.
  Time since last request: 0.000213 seconds.
  path: Assets/Materials/base.mat
  artifactKey: Guid(ee474cc6e68530646ad4c5cf56b3ef69) Importer(815301076,1909f56bfc062723c751e8b465ee728b)
Start importing Assets/Materials/base.mat using Guid(ee474cc6e68530646ad4c5cf56b3ef69) Importer(815301076,1909f56bfc062723c751e8b465ee728b)  -> (artifact id: '5db36b2d484141224a1c0adbfc6f1012') in 0.111507 seconds 
  Import took 0.121060 seconds .

========================================================================
Received Import Request.
  Time since last request: 0.000236 seconds.
  path: Assets/Matirial
  artifactKey: Guid(c645be848d208204ab73b56702e7fddc) Importer(815301076,1909f56bfc062723c751e8b465ee728b)
Start importing Assets/Matirial using Guid(c645be848d208204ab73b56702e7fddc) Importer(815301076,1909f56bfc062723c751e8b465ee728b)  -> (artifact id: '606b8004300bb32c7556ae7348d02025') in 0.006526 seconds 
  Import took 0.015788 seconds .

========================================================================
Received Import Request.
  Time since last request: 0.000256 seconds.
  path: Assets/Matirial/Wapon.mat
  artifactKey: Guid(bd6161faae986304eb43d16dbaa2d091) Importer(815301076,1909f56bfc062723c751e8b465ee728b)
Start importing Assets/Matirial/Wapon.mat using Guid(bd6161faae986304eb43d16dbaa2d091) Importer(815301076,1909f56bfc062723c751e8b465ee728b)  -> (artifact id: '1a33024f0e69c574408ec7d4a690f374') in 0.043460 seconds 
  Import took 0.054703 seconds .

========================================================================
Received Import Request.
  Time since last request: 0.000240 seconds.
  path: Assets/Matirial/Wall.mat
  artifactKey: Guid(82d84665c384b344189522c135cded82) Importer(815301076,1909f56bfc062723c751e8b465ee728b)
Start importing Assets/Matirial/Wall.mat using Guid(82d84665c384b344189522c135cded82) Importer(815301076,1909f56bfc062723c751e8b465ee728b)  -> (artifact id: '2a167dd1e39f6eb9737c44640a58f1a3') in 0.043960 seconds 
  Import took 0.053703 seconds .

========================================================================
Received Import Request.
  Time since last request: 0.000189 seconds.
  path: Assets/Matirial/Sphere.mat
  artifactKey: Guid(fa831214045440f4493ee99cadafb2f6) Importer(815301076,1909f56bfc062723c751e8b465ee728b)
Start importing Assets/Matirial/Sphere.mat using Guid(fa831214045440f4493ee99cadafb2f6) Importer(815301076,1909f56bfc062723c751e8b465ee728b)  -> (artifact id: '09bb2639a14b86e4c78f06851306ccab') in 0.040925 seconds 
  Import took 0.053902 seconds .

========================================================================
Received Import Request.
  Time since last request: 0.000167 seconds.
  path: Assets/Matirial/Lava.mat
  artifactKey: Guid(1230743435a7a3c4ab04340e07e43666) Importer(815301076,1909f56bfc062723c751e8b465ee728b)
Start importing Assets/Matirial/Lava.mat using Guid(1230743435a7a3c4ab04340e07e43666) Importer(815301076,1909f56bfc062723c751e8b465ee728b)  -> (artifact id: '0652870fe29bb38f5b0c8ac40a36abb2') in 0.041083 seconds 
  Import took 0.050660 seconds .

========================================================================
Received Import Request.
  Time since last request: 0.000170 seconds.
  path: Assets/Matirial/DoubleSided.mat
  artifactKey: Guid(5b5f593c3adde164992a2d0d89092cea) Importer(815301076,1909f56bfc062723c751e8b465ee728b)
Start importing Assets/Matirial/DoubleSided.mat using Guid(5b5f593c3adde164992a2d0d89092cea) Importer(815301076,1909f56bfc062723c751e8b465ee728b)  -> (artifact id: '659ae99a1ec45a7b38bd9882fe2c6ba5') in 0.445447 seconds 
  Import took 0.456275 seconds .

========================================================================
Received Import Request.
  Time since last request: 0.000287 seconds.
  path: Assets/Matirial/Bullet.mat
  artifactKey: Guid(86c5e5ecc9d53e242b1101d139e9ded6) Importer(815301076,1909f56bfc062723c751e8b465ee728b)
Start importing Assets/Matirial/Bullet.mat using Guid(86c5e5ecc9d53e242b1101d139e9ded6) Importer(815301076,1909f56bfc062723c751e8b465ee728b)  -> (artifact id: '8ef655079c97f40d850d3a99f3e92215') in 0.040603 seconds 
  Import took 0.049554 seconds .

========================================================================
Received Import Request.
  Time since last request: 0.000265 seconds.
  path: Assets/Matirial/Terra.mat
  artifactKey: Guid(b80cc65454348734a9fc7c20e808d223) Importer(815301076,1909f56bfc062723c751e8b465ee728b)
Start importing Assets/Matirial/Terra.mat using Guid(b80cc65454348734a9fc7c20e808d223) Importer(815301076,1909f56bfc062723c751e8b465ee728b)  -> (artifact id: '1c34123aba77d798f9fa6540ab7e31ab') in 0.042012 seconds 
  Import took 0.050461 seconds .

========================================================================
Received Import Request.
  Time since last request: 0.000263 seconds.
  path: Assets/Matirial/Particulas.mat
  artifactKey: Guid(2b8891ae12ce11f4985995388b0b9378) Importer(815301076,1909f56bfc062723c751e8b465ee728b)
Start importing Assets/Matirial/Particulas.mat using Guid(2b8891ae12ce11f4985995388b0b9378) Importer(815301076,1909f56bfc062723c751e8b465ee728b)  -> (artifact id: 'c77652e3739e4051823bd8d9ad85348a') in 0.158968 seconds 
  Import took 0.172967 seconds .

========================================================================
Received Import Request.
  Time since last request: 0.000212 seconds.
  path: Assets/Matirial/Player2.mat
  artifactKey: Guid(4a34561b3ddcb5044aa37ee344970e61) Importer(815301076,1909f56bfc062723c751e8b465ee728b)
Start importing Assets/Matirial/Player2.mat using Guid(4a34561b3ddcb5044aa37ee344970e61) Importer(815301076,1909f56bfc062723c751e8b465ee728b)  -> (artifact id: '2b5732e341eee6cae5224788cf0e40a0') in 0.038841 seconds 
  Import took 0.047912 seconds .

========================================================================
Received Import Request.
  Time since last request: 0.000203 seconds.
  path: Assets/Matirial/BasicMaterial.mat
  artifactKey: Guid(12428c5160da42448847fcd419f45e6b) Importer(815301076,1909f56bfc062723c751e8b465ee728b)
Start importing Assets/Matirial/BasicMaterial.mat using Guid(12428c5160da42448847fcd419f45e6b) Importer(815301076,1909f56bfc062723c751e8b465ee728b)  -> (artifact id: 'd23ccad99d3aa7e1ee4ce6271cb3aa85') in 0.030164 seconds 
  Import took 0.039054 seconds .

========================================================================
Received Import Request.
  Time since last request: 0.000204 seconds.
  path: Assets/Materials/top.mat
  artifactKey: Guid(5f4dca8d50aa4ce4c9ffe39cc13ec80d) Importer(815301076,1909f56bfc062723c751e8b465ee728b)
Start importing Assets/Materials/top.mat using Guid(5f4dca8d50aa4ce4c9ffe39cc13ec80d) Importer(815301076,1909f56bfc062723c751e8b465ee728b)  -> (artifact id: 'a35caf735185987ac17d05c8a0e697fe') in 0.096974 seconds 
  Import took 0.106409 seconds .

========================================================================
Received Import Request.
  Time since last request: 0.000294 seconds.
  path: Assets/Materials/TexturesCom_Rock_Lava2_1K_albedo 2.mat
  artifactKey: Guid(253defb9994885f40a2296a27a94b538) Importer(815301076,1909f56bfc062723c751e8b465ee728b)
Start importing Assets/Materials/TexturesCom_Rock_Lava2_1K_albedo 2.mat using Guid(253defb9994885f40a2296a27a94b538) Importer(815301076,1909f56bfc062723c751e8b465ee728b)  -> (artifact id: '1648b7fc072d7545bd90e5351c8dfaef') in 0.032392 seconds 
  Import took 0.041379 seconds .

========================================================================
Received Import Request.
  Time since last request: 0.000314 seconds.
  path: Assets/Materials/fulla.mat
  artifactKey: Guid(1feb5af65b9346d48b30a7bff1778ff7) Importer(815301076,1909f56bfc062723c751e8b465ee728b)
Start importing Assets/Materials/fulla.mat using Guid(1feb5af65b9346d48b30a7bff1778ff7) Importer(815301076,1909f56bfc062723c751e8b465ee728b)  -> (artifact id: '621e3bec1d248f645ebc82e9a782dbc2') in 0.045455 seconds 
  Import took 0.059915 seconds .

========================================================================
Received Import Request.
  Time since last request: 0.000269 seconds.
  path: Assets/Materials/Partenon_cornise_1_Material _62_BaseMap.mat
  artifactKey: Guid(04799c10bf39122419f4695422c6124f) Importer(815301076,1909f56bfc062723c751e8b465ee728b)
Start importing Assets/Materials/Partenon_cornise_1_Material _62_BaseMap.mat using Guid(04799c10bf39122419f4695422c6124f) Importer(815301076,1909f56bfc062723c751e8b465ee728b)  -> (artifact id: '04d921030c2e228f1637490faecc934c') in 0.075102 seconds 
  Import took 0.091479 seconds .

========================================================================
Received Import Request.
  Time since last request: 0.000344 seconds.
  path: Assets/Materials/capullo.mat
  artifactKey: Guid(c810cc4468aa85a40ae901dc96b88188) Importer(815301076,1909f56bfc062723c751e8b465ee728b)
Start importing Assets/Materials/capullo.mat using Guid(c810cc4468aa85a40ae901dc96b88188) Importer(815301076,1909f56bfc062723c751e8b465ee728b)  -> (artifact id: '34d3aedd6d19d87ef6991b8932fb826d') in 0.060871 seconds 
  Import took 0.077892 seconds .

========================================================================
Received Import Request.
  Time since last request: 0.000260 seconds.
  path: Assets/Matirial/pelos.mat
  artifactKey: Guid(d71d193377a0e074a8db8c994c0c7a7a) Importer(815301076,1909f56bfc062723c751e8b465ee728b)
Start importing Assets/Matirial/pelos.mat using Guid(d71d193377a0e074a8db8c994c0c7a7a) Importer(815301076,1909f56bfc062723c751e8b465ee728b)  -> (artifact id: '5d9ffb766444ed7b6f4fdc75955ee698') in 0.070488 seconds 
  Import took 0.090423 seconds .

========================================================================
Received Import Request.
  Time since last request: 0.000270 seconds.
  path: Assets/Matirial/Cube.mat
  artifactKey: Guid(226e3066a979b774f9daae95aad157b0) Importer(815301076,1909f56bfc062723c751e8b465ee728b)
Start importing Assets/Matirial/Cube.mat using Guid(226e3066a979b774f9daae95aad157b0) Importer(815301076,1909f56bfc062723c751e8b465ee728b)  -> (artifact id: 'c48a0e6cdd31d597c54ea39ec1e65319') in 0.053436 seconds 
  Import took 0.069464 seconds .

========================================================================
Received Import Request.
  Time since last request: 0.000240 seconds.
  path: Assets/Materials/OldColumn_final_Material _62_BaseMap.mat
  artifactKey: Guid(7785c181fa9c99141a8d83484cdeb856) Importer(815301076,1909f56bfc062723c751e8b465ee728b)
Start importing Assets/Materials/OldColumn_final_Material _62_BaseMap.mat using Guid(7785c181fa9c99141a8d83484cdeb856) Importer(815301076,1909f56bfc062723c751e8b465ee728b)  -> (artifact id: 'b1af528be1874dd5db777ff7ec2f9601') in 0.043015 seconds 
  Import took 0.054249 seconds .

========================================================================
Received Import Request.
  Time since last request: 0.000194 seconds.
  path: Assets/Materials/rama ramas.mat
  artifactKey: Guid(805bf7e2b6656b2479bdc0c88f0c5761) Importer(815301076,1909f56bfc062723c751e8b465ee728b)
Start importing Assets/Materials/rama ramas.mat using Guid(805bf7e2b6656b2479bdc0c88f0c5761) Importer(815301076,1909f56bfc062723c751e8b465ee728b)  -> (artifact id: '6dd80381aebad669b2ff2479b104ccc1') in 0.077853 seconds 
  Import took 0.087866 seconds .

========================================================================
Received Import Request.
  Time since last request: 0.000207 seconds.
  path: Assets/Matirial/Hojas.mat
  artifactKey: Guid(3b2a1130d6f695947b3f952cb3be97aa) Importer(815301076,1909f56bfc062723c751e8b465ee728b)
Start importing Assets/Matirial/Hojas.mat using Guid(3b2a1130d6f695947b3f952cb3be97aa) Importer(815301076,1909f56bfc062723c751e8b465ee728b)  -> (artifact id: 'f528d87342e46f51a082a50b9662caa1') in 0.035048 seconds 
  Import took 0.045922 seconds .

========================================================================
Received Import Request.
  Time since last request: 0.000811 seconds.
  path: Assets/Materials/cosos.mat
  artifactKey: Guid(99e49029f53c8754a8e28eff257ff572) Importer(815301076,1909f56bfc062723c751e8b465ee728b)
Start importing Assets/Materials/cosos.mat using Guid(99e49029f53c8754a8e28eff257ff572) Importer(815301076,1909f56bfc062723c751e8b465ee728b)  -> (artifact id: 'cde98c7b215d8448306a2db993576caa') in 0.118209 seconds 
  Import took 0.133648 seconds .

========================================================================
Received Import Request.
  Time since last request: 0.000249 seconds.
  path: Assets/Materials/rama fulles.mat
  artifactKey: Guid(c95984f41c9dc2b4f9b60739ae8a6737) Importer(815301076,1909f56bfc062723c751e8b465ee728b)
Start importing Assets/Materials/rama fulles.mat using Guid(c95984f41c9dc2b4f9b60739ae8a6737) Importer(815301076,1909f56bfc062723c751e8b465ee728b)  -> (artifact id: '4854905bd8496ff5205628128455b9e8') in 0.105578 seconds 
  Import took 0.115020 seconds .

========================================================================
Received Import Request.
  Time since last request: 0.000290 seconds.
  path: Assets/Matirial/Rope.mat
  artifactKey: Guid(32b76ca7a3785484389e5d9b3af81454) Importer(815301076,1909f56bfc062723c751e8b465ee728b)
Start importing Assets/Matirial/Rope.mat using Guid(32b76ca7a3785484389e5d9b3af81454) Importer(815301076,1909f56bfc062723c751e8b465ee728b)  -> (artifact id: 'aef66ccfe0472f984f01c9181244817e') in 0.037503 seconds 
  Import took 0.047973 seconds .

========================================================================
Received Import Request.
  Time since last request: 0.000262 seconds.
  path: Assets/Materials/cristales.mat
  artifactKey: Guid(71180fd78c8f2bd46a5024a62e994fc6) Importer(815301076,1909f56bfc062723c751e8b465ee728b)
Start importing Assets/Materials/cristales.mat using Guid(71180fd78c8f2bd46a5024a62e994fc6) Importer(815301076,1909f56bfc062723c751e8b465ee728b)  -> (artifact id: '9105c2ec4dd7617c54add87f3eb15b35') in 0.074270 seconds 
  Import took 0.087360 seconds .

========================================================================
Received Import Request.
  Time since last request: 0.000195 seconds.
  path: Assets/Materials/Column_Material _62_BaseMap.mat
  artifactKey: Guid(e2a6b451692df4a4884c4fff7e6e56ee) Importer(815301076,1909f56bfc062723c751e8b465ee728b)
Start importing Assets/Materials/Column_Material _62_BaseMap.mat using Guid(e2a6b451692df4a4884c4fff7e6e56ee) Importer(815301076,1909f56bfc062723c751e8b465ee728b)  -> (artifact id: '8b79d73ac2933e74fffcb4f610d01b4d') in 0.047100 seconds 
  Import took 0.055876 seconds .

========================================================================
Received Import Request.
  Time since last request: 0.000192 seconds.
  path: Assets/Materials/filamentos.mat
  artifactKey: Guid(0e01c5ec2fdcc294f8df9dcf37d230b3) Importer(815301076,1909f56bfc062723c751e8b465ee728b)
Start importing Assets/Materials/filamentos.mat using Guid(0e01c5ec2fdcc294f8df9dcf37d230b3) Importer(815301076,1909f56bfc062723c751e8b465ee728b)  -> (artifact id: 'd33d546fdbe9823fb2c7724973e0ef9c') in 0.047829 seconds 
  Import took 0.059404 seconds .

========================================================================
Received Import Request.
  Time since last request: 0.000236 seconds.
  path: Assets/Materials/hojas.mat
  artifactKey: Guid(794cd3612ecf9f84290ca216dfb86677) Importer(815301076,1909f56bfc062723c751e8b465ee728b)
Start importing Assets/Materials/hojas.mat using Guid(794cd3612ecf9f84290ca216dfb86677) Importer(815301076,1909f56bfc062723c751e8b465ee728b)  -> (artifact id: 'bd7659357bed2300ef08c0f8b6dcd87f') in 0.050296 seconds 
  Import took 0.064708 seconds .

========================================================================
Received Import Request.
  Time since last request: 0.000279 seconds.
  path: Assets/Matirial/Player1.mat
  artifactKey: Guid(b0fe2968262ddc0419b9d46506032348) Importer(815301076,1909f56bfc062723c751e8b465ee728b)
Start importing Assets/Matirial/Player1.mat using Guid(b0fe2968262ddc0419b9d46506032348) Importer(815301076,1909f56bfc062723c751e8b465ee728b)  -> (artifact id: '714c768ba76eec268efbf35e80ad1e02') in 0.048160 seconds 
  Import took 0.060628 seconds .

========================================================================
Received Import Request.
  Time since last request: 0.000811 seconds.
  path: Assets/Materials/tijacoso.mat
  artifactKey: Guid(3316afc4790947745bca93c12ff48a1b) Importer(815301076,1909f56bfc062723c751e8b465ee728b)
Start importing Assets/Materials/tijacoso.mat using Guid(3316afc4790947745bca93c12ff48a1b) Importer(815301076,1909f56bfc062723c751e8b465ee728b)  -> (artifact id: 'ad214d90485f505c6d4327c9047e85e9') in 0.121317 seconds 
  Import took 0.133360 seconds .

========================================================================
Received Import Request.
  Time since last request: 0.000366 seconds.
  path: Assets/Materials/Flower_DefaultMaterial_color.1001.mat
  artifactKey: Guid(083febef6d5fa934a8a3ae931e2696bf) Importer(815301076,1909f56bfc062723c751e8b465ee728b)
Start importing Assets/Materials/Flower_DefaultMaterial_color.1001.mat using Guid(083febef6d5fa934a8a3ae931e2696bf) Importer(815301076,1909f56bfc062723c751e8b465ee728b)  -> (artifact id: 'a74c157443fbd0df17eb8d3286f44098') in 0.052723 seconds 
  Import took 0.066260 seconds .

========================================================================
Received Prepare
Registering precompiled user dll's ...
Registered in 0.079732 seconds.
Begin MonoManager ReloadAssembly
Native extension for WindowsStandalone target not found
Refreshing native plugins compatible for Editor in 1.04 ms, found 5 plugins.
Preloading 0 native plugins for Editor in 0.00 ms.
Mono: successfully reloaded assembly
- Completed reload, in  2.533 seconds
Domain Reload Profiling:
	ReloadAssembly (2534ms)
		BeginReloadAssembly (196ms)
			ExecutionOrderSort (0ms)
			DisableScriptedObjects (36ms)
			BackupInstance (0ms)
			ReleaseScriptingObjects (0ms)
			CreateAndSetChildDomain (63ms)
		EndReloadAssembly (2267ms)
			LoadAssemblies (433ms)
			RebuildTransferFunctionScriptingTraits (0ms)
			SetupTypeCache (443ms)
			ReleaseScriptCaches (3ms)
			RebuildScriptCaches (89ms)
			SetupLoadedEditorAssemblies (970ms)
				LogAssemblyErrors (0ms)
				InitializePlatformSupportModulesInManaged (5ms)
				SetLoadedEditorAssemblies (1ms)
				RefreshPlugins (1ms)
				BeforeProcessingInitializeOnLoad (131ms)
				ProcessInitializeOnLoadAttributes (817ms)
				ProcessInitializeOnLoadMethodAttributes (8ms)
				AfterProcessingInitializeOnLoad (6ms)
				EditorAssembliesLoaded (0ms)
			ExecutionOrderSort2 (0ms)
			AwakeInstancesAfterBackupRestoration (26ms)
Platform modules already initialized, skipping
Refreshing native plugins compatible for Editor in 1.03 ms, found 5 plugins.
Preloading 0 native plugins for Editor in 0.00 ms.
Unloading 4443 Unused Serialized files (Serialized files now loaded: 0)
System memory in use before: 218.6 MB.
System memory in use after: 218.9 MB.

Unloading 26 unused Assets to reduce memory usage. Loaded Objects now: 5532.
Total: 7.110700 ms (FindLiveObjects: 0.668200 ms CreateObjectMapping: 0.439800 ms MarkObjects: 5.667800 ms  DeleteObjects: 0.333000 ms)

AssetImportParameters requested are different than current active one (requested -> active):
  custom:framework-win-MediaFoundation: 216162199b28c13a410421893ffa2e32 -> 
  custom:video-decoder-ogg-theora: a1e56fd34408186e4bbccfd4996cb3dc -> 
  custom:container-muxer-webm: aa71ff27fc2769a1b78a27578f13a17b -> 
  custom:container-demuxer-webm: 4f35f7cbe854078d1ac9338744f61a02 -> 
  custom:container-demuxer-ogg: 62fdf1f143b41e24485cea50d1cbac27 -> 
  custom:video-encoder-webm-vp8: eb34c28f22e8b96e1ab97ce403110664 -> 
  custom:video-decoder-webm-vp8: 9c59270c3fd7afecdb556c50c9e8de78 -> 
  custom:audio-decoder-ogg-vorbis: bf7c407c2cedff20999df2af8eb42d56 -> 
  custom:audio-encoder-webm-vorbis: bf7c407c2cedff20999df2af8eb42d56 -> 
========================================================================
Received Prepare
Registering precompiled user dll's ...
Registered in 0.006722 seconds.
Begin MonoManager ReloadAssembly
Native extension for WindowsStandalone target not found
Refreshing native plugins compatible for Editor in 1.01 ms, found 5 plugins.
Preloading 0 native plugins for Editor in 0.00 ms.
Mono: successfully reloaded assembly
- Completed reload, in  2.193 seconds
Domain Reload Profiling:
	ReloadAssembly (2194ms)
		BeginReloadAssembly (144ms)
			ExecutionOrderSort (0ms)
			DisableScriptedObjects (6ms)
			BackupInstance (0ms)
			ReleaseScriptingObjects (0ms)
			CreateAndSetChildDomain (49ms)
		EndReloadAssembly (1980ms)
			LoadAssemblies (109ms)
			RebuildTransferFunctionScriptingTraits (0ms)
			SetupTypeCache (577ms)
			ReleaseScriptCaches (2ms)
			RebuildScriptCaches (80ms)
			SetupLoadedEditorAssemblies (897ms)
				LogAssemblyErrors (0ms)
				InitializePlatformSupportModulesInManaged (6ms)
				SetLoadedEditorAssemblies (1ms)
				RefreshPlugins (1ms)
				BeforeProcessingInitializeOnLoad (134ms)
				ProcessInitializeOnLoadAttributes (743ms)
				ProcessInitializeOnLoadMethodAttributes (7ms)
				AfterProcessingInitializeOnLoad (6ms)
				EditorAssembliesLoaded (0ms)
			ExecutionOrderSort2 (0ms)
			AwakeInstancesAfterBackupRestoration (24ms)
Platform modules already initialized, skipping
Refreshing native plugins compatible for Editor in 1.00 ms, found 5 plugins.
Preloading 0 native plugins for Editor in 0.00 ms.
Unloading 4443 Unused Serialized files (Serialized files now loaded: 0)
System memory in use before: 218.7 MB.
System memory in use after: 219.0 MB.

Unloading 25 unused Assets to reduce memory usage. Loaded Objects now: 5535.
Total: 7.195900 ms (FindLiveObjects: 1.135300 ms CreateObjectMapping: 0.986000 ms MarkObjects: 4.791200 ms  DeleteObjects: 0.282100 ms)

AssetImportParameters requested are different than current active one (requested -> active):
  custom:framework-win-MediaFoundation: 216162199b28c13a410421893ffa2e32 -> 
  custom:video-decoder-ogg-theora: a1e56fd34408186e4bbccfd4996cb3dc -> 
  custom:container-muxer-webm: aa71ff27fc2769a1b78a27578f13a17b -> 
  custom:container-demuxer-webm: 4f35f7cbe854078d1ac9338744f61a02 -> 
  custom:container-demuxer-ogg: 62fdf1f143b41e24485cea50d1cbac27 -> 
  custom:video-encoder-webm-vp8: eb34c28f22e8b96e1ab97ce403110664 -> 
  custom:video-decoder-webm-vp8: 9c59270c3fd7afecdb556c50c9e8de78 -> 
  custom:audio-decoder-ogg-vorbis: bf7c407c2cedff20999df2af8eb42d56 -> 
  custom:audio-encoder-webm-vorbis: bf7c407c2cedff20999df2af8eb42d56 -> 
========================================================================
Received Import Request.
  Time since last request: 5210.057509 seconds.
  path: Assets/Textures/Rock_lava/rock_black.tif
  artifactKey: Guid(a649ee787e656e6448cab0de8286a628) Importer(815301076,1909f56bfc062723c751e8b465ee728b)
Start importing Assets/Textures/Rock_lava/rock_black.tif using Guid(a649ee787e656e6448cab0de8286a628) Importer(815301076,1909f56bfc062723c751e8b465ee728b)  -> (artifact id: '5e9bfbfc2f52e79458d12c9292a15e9d') in 0.099535 seconds 
  Import took 0.110608 seconds .

========================================================================
Received Import Request.
  Time since last request: 0.000290 seconds.
  path: Assets/Samples/Terrain Tools/0.1.0-preview/Terrain Assets/TerrainTextures/sand_albedo.tif
  artifactKey: Guid(6bcc65b7c6e3a0b448d7801bfc56842f) Importer(815301076,1909f56bfc062723c751e8b465ee728b)
Start importing Assets/Samples/Terrain Tools/0.1.0-preview/Terrain Assets/TerrainTextures/sand_albedo.tif using Guid(6bcc65b7c6e3a0b448d7801bfc56842f) Importer(815301076,1909f56bfc062723c751e8b465ee728b)  -> (artifact id: '7695f95dde5c5633f056e26559656364') in 0.055551 seconds 
  Import took 0.063777 seconds .

========================================================================
Received Import Request.
  Time since last request: 0.000215 seconds.
  path: Assets/Samples/Terrain Tools/0.1.0-preview/Terrain Assets/TerrainTextures/rock_albedo.tif
  artifactKey: Guid(f7dd726c93b8f17418ea3be3f6768909) Importer(815301076,1909f56bfc062723c751e8b465ee728b)
Start importing Assets/Samples/Terrain Tools/0.1.0-preview/Terrain Assets/TerrainTextures/rock_albedo.tif using Guid(f7dd726c93b8f17418ea3be3f6768909) Importer(815301076,1909f56bfc062723c751e8b465ee728b)  -> (artifact id: '471707270b45c76eed7014ba65ea799e') in 0.026392 seconds 
  Import took 0.035650 seconds .

========================================================================
Received Import Request.
  Time since last request: 0.000299 seconds.
  path: Assets/Samples/Terrain Tools/0.1.0-preview/Terrain Assets/TerrainTextures/dirt_albedo.tif
  artifactKey: Guid(7f3df385222f5b1428f6a156037deb5e) Importer(815301076,1909f56bfc062723c751e8b465ee728b)
Start importing Assets/Samples/Terrain Tools/0.1.0-preview/Terrain Assets/TerrainTextures/dirt_albedo.tif using Guid(7f3df385222f5b1428f6a156037deb5e) Importer(815301076,1909f56bfc062723c751e8b465ee728b)  -> (artifact id: '5aea5d0281b84561e629df1a474f7d0d') in 0.029530 seconds 
  Import took 0.041733 seconds .

========================================================================
Received Import Request.
  Time since last request: 0.000233 seconds.
  path: Assets/Samples/Terrain Tools/0.1.0-preview/Terrain Assets/TerrainTextures/snow_albedo.tif
  artifactKey: Guid(0cc0777f7d4a3444380eb084d74396b5) Importer(815301076,1909f56bfc062723c751e8b465ee728b)
Start importing Assets/Samples/Terrain Tools/0.1.0-preview/Terrain Assets/TerrainTextures/snow_albedo.tif using Guid(0cc0777f7d4a3444380eb084d74396b5) Importer(815301076,1909f56bfc062723c751e8b465ee728b)  -> (artifact id: '7e2501aec773747540d6c8920f2abcdd') in 0.024298 seconds 
  Import took 0.036534 seconds .

========================================================================
Received Import Request.
  Time since last request: 0.000196 seconds.
  path: Assets/Textures/Rock_lava/TexturesCom_Rock_Lava2_1K_albedo.tif
  artifactKey: Guid(fec780c991f78944da09b252c2114048) Importer(815301076,1909f56bfc062723c751e8b465ee728b)
Start importing Assets/Textures/Rock_lava/TexturesCom_Rock_Lava2_1K_albedo.tif using Guid(fec780c991f78944da09b252c2114048) Importer(815301076,1909f56bfc062723c751e8b465ee728b)  -> (artifact id: '9b62a55aec9e3a1717cbbcfa52ab742e') in 0.021986 seconds 
  Import took 0.034129 seconds .

========================================================================
Received Import Request.
  Time since last request: 1.978422 seconds.
  path: Assets/Samples/Terrain Tools/0.1.0-preview/Terrain Assets/TerrainLayers/dirt.terrainlayer
  artifactKey: Guid(c25f012d8eaba684b9a392d71f427372) Importer(815301076,1909f56bfc062723c751e8b465ee728b)
Start importing Assets/Samples/Terrain Tools/0.1.0-preview/Terrain Assets/TerrainLayers/dirt.terrainlayer using Guid(c25f012d8eaba684b9a392d71f427372) Importer(815301076,1909f56bfc062723c751e8b465ee728b)  -> (artifact id: '54adbc669dcd8a35050593716c29d780') in 0.058593 seconds 
  Import took 0.070093 seconds .

========================================================================
Received Import Request.
  Time since last request: 0.000365 seconds.
  path: Assets/Samples/Terrain Tools/0.1.0-preview/Terrain Assets/TerrainLayers/snow.terrainlayer
  artifactKey: Guid(34a7124a250b6314f803cba5555e7faa) Importer(815301076,1909f56bfc062723c751e8b465ee728b)
Start importing Assets/Samples/Terrain Tools/0.1.0-preview/Terrain Assets/TerrainLayers/snow.terrainlayer using Guid(34a7124a250b6314f803cba5555e7faa) Importer(815301076,1909f56bfc062723c751e8b465ee728b)  -> (artifact id: 'f677aac86d8b75f11fd6931ca7cf9f2c') in 0.041543 seconds 
  Import took 0.054188 seconds .

========================================================================
Received Import Request.
  Time since last request: 0.000285 seconds.
  path: Assets/Samples/Terrain Tools/0.1.0-preview/Terrain Assets/TerrainLayers/moss.terrainlayer
  artifactKey: Guid(56b2820651de357459e8d89d2b4f3f05) Importer(815301076,1909f56bfc062723c751e8b465ee728b)
Start importing Assets/Samples/Terrain Tools/0.1.0-preview/Terrain Assets/TerrainLayers/moss.terrainlayer using Guid(56b2820651de357459e8d89d2b4f3f05) Importer(815301076,1909f56bfc062723c751e8b465ee728b)  -> (artifact id: '2a044632778ed1b10a607ad3dcd500ab') in 0.073690 seconds 
  Import took 0.082601 seconds .

========================================================================
Received Import Request.
  Time since last request: 0.000115 seconds.
  path: Assets/Samples/Terrain Tools/0.1.0-preview/Terrain Assets/TerrainLayers/scree.terrainlayer
  artifactKey: Guid(6a3097ee6a39c594e8c63dae726b2278) Importer(815301076,1909f56bfc062723c751e8b465ee728b)
Start importing Assets/Samples/Terrain Tools/0.1.0-preview/Terrain Assets/TerrainLayers/scree.terrainlayer using Guid(6a3097ee6a39c594e8c63dae726b2278) Importer(815301076,1909f56bfc062723c751e8b465ee728b)  -> (artifact id: '27e01e2bbbd5d4cf1a1294b6c043c32e') in 0.051416 seconds 
  Import took 0.062407 seconds .

========================================================================
Received Import Request.
  Time since last request: 0.000255 seconds.
  path: Assets/Samples/Terrain Tools/0.1.0-preview/Terrain Assets/TerrainLayers/moss.terrainlayer
  artifactKey: Guid(56b2820651de357459e8d89d2b4f3f05) Importer(815301076,1909f56bfc062723c751e8b465ee728b)
Start importing Assets/Samples/Terrain Tools/0.1.0-preview/Terrain Assets/TerrainLayers/moss.terrainlayer using Guid(56b2820651de357459e8d89d2b4f3f05) Importer(815301076,1909f56bfc062723c751e8b465ee728b)  -> (artifact id: '2a044632778ed1b10a607ad3dcd500ab') in 0.099053 seconds 
  Import took 0.148553 seconds .

========================================================================
Received Import Request.
  Time since last request: 0.000101 seconds.
  path: Assets/Samples/Terrain Tools/0.1.0-preview/Terrain Assets/TerrainLayers/sand.terrainlayer
  artifactKey: Guid(aa7afa2eb72909e4d8083508573d955f) Importer(815301076,1909f56bfc062723c751e8b465ee728b)
Start importing Assets/Samples/Terrain Tools/0.1.0-preview/Terrain Assets/TerrainLayers/sand.terrainlayer using Guid(aa7afa2eb72909e4d8083508573d955f) Importer(815301076,1909f56bfc062723c751e8b465ee728b)  -> (artifact id: 'c4ac7f397f0e411703816e64885cc0e9') in 0.067672 seconds 
  Import took 0.079547 seconds .

========================================================================
Received Import Request.
  Time since last request: 0.000233 seconds.
  path: Assets/Samples/Terrain Tools/0.1.0-preview/Terrain Assets/TerrainLayers/rock.terrainlayer
  artifactKey: Guid(716937fe861ba6748bfd599e6802e70a) Importer(815301076,1909f56bfc062723c751e8b465ee728b)
Start importing Assets/Samples/Terrain Tools/0.1.0-preview/Terrain Assets/TerrainLayers/rock.terrainlayer using Guid(716937fe861ba6748bfd599e6802e70a) Importer(815301076,1909f56bfc062723c751e8b465ee728b)  -> (artifact id: '7d0eb9b9449f74f0d0ca9cdb08eb86e0') in 0.036681 seconds 
  Import took 0.048976 seconds .

========================================================================
Received Import Request.
  Time since last request: 13.101365 seconds.
  path: Assets/Samples/Terrain Tools/0.1.0-preview/Terrain Assets/TerrainLayers/terrain_red_01_diff_2k.jpg
  artifactKey: Guid(5220556fe0856d44abe64d0c3648ac3f) Importer(815301076,1909f56bfc062723c751e8b465ee728b)
Start importing Assets/Samples/Terrain Tools/0.1.0-preview/Terrain Assets/TerrainLayers/terrain_red_01_diff_2k.jpg using Guid(5220556fe0856d44abe64d0c3648ac3f) Importer(815301076,1909f56bfc062723c751e8b465ee728b)  -> (artifact id: '4188af1f44a9e3dd1edf5bbfdb065405') in 0.284851 seconds 
  Import took 0.295901 seconds .

========================================================================
Received Import Request.
  Time since last request: 0.000233 seconds.
  path: Assets/Samples/Terrain Tools/0.1.0-preview/Terrain Assets/TerrainLayers/terrain_red_01_nor_gl_2k.exr
  artifactKey: Guid(834a0e9682c5a6341bdf2f8feba0f39e) Importer(815301076,1909f56bfc062723c751e8b465ee728b)
Start importing Assets/Samples/Terrain Tools/0.1.0-preview/Terrain Assets/TerrainLayers/terrain_red_01_nor_gl_2k.exr using Guid(834a0e9682c5a6341bdf2f8feba0f39e) Importer(815301076,1909f56bfc062723c751e8b465ee728b)  -> (artifact id: '365ce417adcb42d063a2dc8ed865ff44') in 0.073592 seconds 
  Import took 0.093387 seconds .

========================================================================
Received Import Request.
  Time since last request: 0.000214 seconds.
  path: Assets/Samples/Terrain Tools/0.1.0-preview/Terrain Assets/TerrainLayers/terrain_red_01_rough_2k.jpg
  artifactKey: Guid(32a25dd7c667b8048909bf94b76cc803) Importer(815301076,1909f56bfc062723c751e8b465ee728b)
Start importing Assets/Samples/Terrain Tools/0.1.0-preview/Terrain Assets/TerrainLayers/terrain_red_01_rough_2k.jpg using Guid(32a25dd7c667b8048909bf94b76cc803) Importer(815301076,1909f56bfc062723c751e8b465ee728b)  -> (artifact id: 'd20ab116a6057ab2d5c0ffab780bca17') in 0.023655 seconds 
  Import took 0.038887 seconds .

========================================================================
Received Import Request.
  Time since last request: 0.000207 seconds.
  path: Assets/Samples/Terrain Tools/0.1.0-preview/Terrain Assets/TerrainLayers/terrain_red_01_disp_2k.png
  artifactKey: Guid(a6a553cf34a24ef48b5d418c9785bb6c) Importer(815301076,1909f56bfc062723c751e8b465ee728b)
Start importing Assets/Samples/Terrain Tools/0.1.0-preview/Terrain Assets/TerrainLayers/terrain_red_01_disp_2k.png using Guid(a6a553cf34a24ef48b5d418c9785bb6c) Importer(815301076,1909f56bfc062723c751e8b465ee728b)  -> (artifact id: '4337ca09d29568b40a311030aff97bef') in 0.030260 seconds 
  Import took 0.048992 seconds .

========================================================================
Received Import Request.
  Time since last request: 8.636115 seconds.
  path: Assets/Samples/Terrain Tools/0.1.0-preview/Terrain Assets/TerrainTextures/snow_normal.tif
  artifactKey: Guid(52f2b70b42682a145b20ea5f04fd6af1) Importer(815301076,1909f56bfc062723c751e8b465ee728b)
Start importing Assets/Samples/Terrain Tools/0.1.0-preview/Terrain Assets/TerrainTextures/snow_normal.tif using Guid(52f2b70b42682a145b20ea5f04fd6af1) Importer(815301076,1909f56bfc062723c751e8b465ee728b)  -> (artifact id: '69718656de3c7ba3a85eefd29054df37') in 0.072803 seconds 
  Import took 0.088260 seconds .

========================================================================
Received Import Request.
  Time since last request: 0.000283 seconds.
  path: Assets/Samples/Terrain Tools/0.1.0-preview/Terrain Assets/TerrainTextures/snow_mask.tif
  artifactKey: Guid(1a4d9960438e8f242a5155b27813efe9) Importer(815301076,1909f56bfc062723c751e8b465ee728b)
Start importing Assets/Samples/Terrain Tools/0.1.0-preview/Terrain Assets/TerrainTextures/snow_mask.tif using Guid(1a4d9960438e8f242a5155b27813efe9) Importer(815301076,1909f56bfc062723c751e8b465ee728b)  -> (artifact id: '0eccf3f2496c86c4e94d923eee1247d4') in 0.055408 seconds 
  Import took 0.069043 seconds .

========================================================================
Received Import Request.
  Time since last request: 0.852599 seconds.
  path: Assets/Samples/Terrain Tools/0.1.0-preview/Terrain Assets/TerrainTextures/sand_normal.tif
  artifactKey: Guid(dd1ad706663683546b665fd5b0286bbd) Importer(815301076,1909f56bfc062723c751e8b465ee728b)
Start importing Assets/Samples/Terrain Tools/0.1.0-preview/Terrain Assets/TerrainTextures/sand_normal.tif using Guid(dd1ad706663683546b665fd5b0286bbd) Importer(815301076,1909f56bfc062723c751e8b465ee728b)  -> (artifact id: '042519715b55250bd3659f60d81fe369') in 0.026731 seconds 
  Import took 0.038654 seconds .

========================================================================
Received Import Request.
  Time since last request: 0.000337 seconds.
  path: Assets/Samples/Terrain Tools/0.1.0-preview/Terrain Assets/TerrainTextures/sand_mask.tif
  artifactKey: Guid(58a4a6310bd23844bae88d82f7916059) Importer(815301076,1909f56bfc062723c751e8b465ee728b)
Start importing Assets/Samples/Terrain Tools/0.1.0-preview/Terrain Assets/TerrainTextures/sand_mask.tif using Guid(58a4a6310bd23844bae88d82f7916059) Importer(815301076,1909f56bfc062723c751e8b465ee728b)  -> (artifact id: '30cb841fab9410db5dfd5995d3587e7a') in 0.097818 seconds 
  Import took 0.184695 seconds .

========================================================================
Received Import Request.
  Time since last request: 41.168487 seconds.
  path: Assets/Samples/Terrain Tools/0.1.0-preview/Terrain Assets/TerrainLayers/terrain_red_01_nor_gl_2k.exr
  artifactKey: Guid(834a0e9682c5a6341bdf2f8feba0f39e) Importer(815301076,1909f56bfc062723c751e8b465ee728b)
Start importing Assets/Samples/Terrain Tools/0.1.0-preview/Terrain Assets/TerrainLayers/terrain_red_01_nor_gl_2k.exr using Guid(834a0e9682c5a6341bdf2f8feba0f39e) Importer(815301076,1909f56bfc062723c751e8b465ee728b)  -> (artifact id: '70f6dc724a8deac9e4e65e33c0d8d2fb') in 0.024373 seconds 
  Import took 0.032895 seconds .

========================================================================
Received Import Request.
  Time since last request: 54.079555 seconds.
  path: Assets/Samples/Terrain Tools/0.1.0-preview/Terrain Assets/TerrainLayers/sand.terrainlayer
  artifactKey: Guid(aa7afa2eb72909e4d8083508573d955f) Importer(815301076,1909f56bfc062723c751e8b465ee728b)
Start importing Assets/Samples/Terrain Tools/0.1.0-preview/Terrain Assets/TerrainLayers/sand.terrainlayer using Guid(aa7afa2eb72909e4d8083508573d955f) Importer(815301076,1909f56bfc062723c751e8b465ee728b)  -> (artifact id: '8af88019ace2e492a250718b36630601') in 0.033157 seconds 
  Import took 0.045145 seconds .

========================================================================
Received Import Request.
  Time since last request: 2643.305391 seconds.
  path: Assets/Props
  artifactKey: Guid(8b14bb787812d524d9451bc64947fa2f) Importer(815301076,1909f56bfc062723c751e8b465ee728b)
Start importing Assets/Props using Guid(8b14bb787812d524d9451bc64947fa2f) Importer(815301076,1909f56bfc062723c751e8b465ee728b)  -> (artifact id: 'b79f9e6b1d64d62da1321e131dacdb9b') in 0.011994 seconds 
  Import took 0.028924 seconds .

========================================================================
Received Import Request.
  Time since last request: 12.133215 seconds.
  path: Assets/Props/CAPSULA.fbx
  artifactKey: Guid(89921f62e5cc92948b1246ea2a4cd15b) Importer(815301076,1909f56bfc062723c751e8b465ee728b)
Start importing Assets/Props/CAPSULA.fbx using Guid(89921f62e5cc92948b1246ea2a4cd15b) Importer(815301076,1909f56bfc062723c751e8b465ee728b)  -> (artifact id: 'dc672385070a689eed4dd46bbda70f00') in 0.838106 seconds 
  Import took 0.851319 seconds .

========================================================================
Received Prepare
Registering precompiled user dll's ...
Registered in 0.023475 seconds.
Begin MonoManager ReloadAssembly
Native extension for WindowsStandalone target not found
Refreshing native plugins compatible for Editor in 1.14 ms, found 5 plugins.
Preloading 0 native plugins for Editor in 0.00 ms.
Mono: successfully reloaded assembly
- Completed reload, in  2.244 seconds
Domain Reload Profiling:
	ReloadAssembly (2245ms)
		BeginReloadAssembly (250ms)
			ExecutionOrderSort (0ms)
			DisableScriptedObjects (37ms)
			BackupInstance (0ms)
			ReleaseScriptingObjects (0ms)
			CreateAndSetChildDomain (108ms)
		EndReloadAssembly (1925ms)
			LoadAssemblies (120ms)
			RebuildTransferFunctionScriptingTraits (0ms)
			SetupTypeCache (521ms)
			ReleaseScriptCaches (3ms)
			RebuildScriptCaches (80ms)
			SetupLoadedEditorAssemblies (897ms)
				LogAssemblyErrors (0ms)
				InitializePlatformSupportModulesInManaged (5ms)
				SetLoadedEditorAssemblies (1ms)
				RefreshPlugins (1ms)
				BeforeProcessingInitializeOnLoad (130ms)
				ProcessInitializeOnLoadAttributes (748ms)
				ProcessInitializeOnLoadMethodAttributes (7ms)
				AfterProcessingInitializeOnLoad (6ms)
				EditorAssembliesLoaded (0ms)
			ExecutionOrderSort2 (0ms)
			AwakeInstancesAfterBackupRestoration (25ms)
Platform modules already initialized, skipping
Refreshing native plugins compatible for Editor in 1.17 ms, found 5 plugins.
Preloading 0 native plugins for Editor in 0.00 ms.
Unloading 4443 Unused Serialized files (Serialized files now loaded: 0)
System memory in use before: 219.5 MB.
System memory in use after: 219.8 MB.

Unloading 25 unused Assets to reduce memory usage. Loaded Objects now: 5644.
Total: 4.782000 ms (FindLiveObjects: 0.547900 ms CreateObjectMapping: 0.345500 ms MarkObjects: 3.693500 ms  DeleteObjects: 0.193500 ms)

AssetImportParameters requested are different than current active one (requested -> active):
  custom:framework-win-MediaFoundation: 216162199b28c13a410421893ffa2e32 -> 
  custom:video-decoder-ogg-theora: a1e56fd34408186e4bbccfd4996cb3dc -> 
  custom:container-muxer-webm: aa71ff27fc2769a1b78a27578f13a17b -> 
  custom:container-demuxer-webm: 4f35f7cbe854078d1ac9338744f61a02 -> 
  custom:container-demuxer-ogg: 62fdf1f143b41e24485cea50d1cbac27 -> 
  custom:video-encoder-webm-vp8: eb34c28f22e8b96e1ab97ce403110664 -> 
  custom:video-decoder-webm-vp8: 9c59270c3fd7afecdb556c50c9e8de78 -> 
  custom:audio-decoder-ogg-vorbis: bf7c407c2cedff20999df2af8eb42d56 -> 
  custom:audio-encoder-webm-vorbis: bf7c407c2cedff20999df2af8eb42d56 -> 
========================================================================
Received Import Request.
  Time since last request: 129.672356 seconds.
  path: Assets/Props/CAPSULA.fbx
  artifactKey: Guid(89921f62e5cc92948b1246ea2a4cd15b) Importer(815301076,1909f56bfc062723c751e8b465ee728b)
Start importing Assets/Props/CAPSULA.fbx using Guid(89921f62e5cc92948b1246ea2a4cd15b) Importer(815301076,1909f56bfc062723c751e8b465ee728b)  -> (artifact id: '8749102080cfec63a5e3b8bd3a99eaaa') in 0.931224 seconds 
  Import took 0.944146 seconds .

========================================================================
Received Prepare
Registering precompiled user dll's ...
Registered in 0.005606 seconds.
Begin MonoManager ReloadAssembly
Native extension for WindowsStandalone target not found
Refreshing native plugins compatible for Editor in 1.06 ms, found 5 plugins.
Preloading 0 native plugins for Editor in 0.00 ms.
Mono: successfully reloaded assembly
- Completed reload, in  2.310 seconds
Domain Reload Profiling:
	ReloadAssembly (2310ms)
		BeginReloadAssembly (189ms)
			ExecutionOrderSort (0ms)
			DisableScriptedObjects (34ms)
			BackupInstance (0ms)
			ReleaseScriptingObjects (0ms)
			CreateAndSetChildDomain (59ms)
		EndReloadAssembly (2052ms)
			LoadAssemblies (131ms)
			RebuildTransferFunctionScriptingTraits (0ms)
			SetupTypeCache (552ms)
			ReleaseScriptCaches (3ms)
			RebuildScriptCaches (117ms)
			SetupLoadedEditorAssemblies (931ms)
				LogAssemblyErrors (0ms)
				InitializePlatformSupportModulesInManaged (6ms)
				SetLoadedEditorAssemblies (1ms)
				RefreshPlugins (1ms)
				BeforeProcessingInitializeOnLoad (144ms)
				ProcessInitializeOnLoadAttributes (767ms)
				ProcessInitializeOnLoadMethodAttributes (7ms)
				AfterProcessingInitializeOnLoad (5ms)
				EditorAssembliesLoaded (0ms)
			ExecutionOrderSort2 (0ms)
			AwakeInstancesAfterBackupRestoration (33ms)
Platform modules already initialized, skipping
Refreshing native plugins compatible for Editor in 1.05 ms, found 5 plugins.
Preloading 0 native plugins for Editor in 0.00 ms.
Unloading 4443 Unused Serialized files (Serialized files now loaded: 0)
System memory in use before: 219.7 MB.
System memory in use after: 219.9 MB.

Unloading 25 unused Assets to reduce memory usage. Loaded Objects now: 5748.
Total: 4.293500 ms (FindLiveObjects: 0.526600 ms CreateObjectMapping: 0.295900 ms MarkObjects: 3.299400 ms  DeleteObjects: 0.170200 ms)

AssetImportParameters requested are different than current active one (requested -> active):
  custom:framework-win-MediaFoundation: 216162199b28c13a410421893ffa2e32 -> 
  custom:video-decoder-ogg-theora: a1e56fd34408186e4bbccfd4996cb3dc -> 
  custom:container-muxer-webm: aa71ff27fc2769a1b78a27578f13a17b -> 
  custom:container-demuxer-webm: 4f35f7cbe854078d1ac9338744f61a02 -> 
  custom:container-demuxer-ogg: 62fdf1f143b41e24485cea50d1cbac27 -> 
  custom:video-encoder-webm-vp8: eb34c28f22e8b96e1ab97ce403110664 -> 
  custom:video-decoder-webm-vp8: 9c59270c3fd7afecdb556c50c9e8de78 -> 
  custom:audio-decoder-ogg-vorbis: bf7c407c2cedff20999df2af8eb42d56 -> 
  custom:audio-encoder-webm-vorbis: bf7c407c2cedff20999df2af8eb42d56 -> 
========================================================================
Received Import Request.
  Time since last request: 500.193999 seconds.
  path: Assets/Lava_Flowing_Shader/Textures/lava2.png
  artifactKey: Guid(348fa4d278c53ad4dacd07df1e63a248) Importer(815301076,1909f56bfc062723c751e8b465ee728b)
Start importing Assets/Lava_Flowing_Shader/Textures/lava2.png using Guid(348fa4d278c53ad4dacd07df1e63a248) Importer(815301076,1909f56bfc062723c751e8b465ee728b)  -> (artifact id: 'c53b35aab5c8f8fa690728a9b6a048c2') in 0.101212 seconds 
  Import took 0.112942 seconds .

========================================================================
Received Import Request.
  Time since last request: 0.000262 seconds.
  path: Assets/Lava_Flowing_Shader/Textures/lava3.png
  artifactKey: Guid(0ebfaeff4eb7328498165095f9cfc32f) Importer(815301076,1909f56bfc062723c751e8b465ee728b)
Start importing Assets/Lava_Flowing_Shader/Textures/lava3.png using Guid(0ebfaeff4eb7328498165095f9cfc32f) Importer(815301076,1909f56bfc062723c751e8b465ee728b)  -> (artifact id: '6f16b19f92fa5f646ea1222e808cbb0a') in 0.030821 seconds 
  Import took 0.041992 seconds .

========================================================================
Received Import Request.
  Time since last request: 0.000342 seconds.
  path: Assets/Lava_Flowing_Shader/Textures/lava1.png
  artifactKey: Guid(93a726948508cc14eab67fb1abe2daa8) Importer(815301076,1909f56bfc062723c751e8b465ee728b)
Start importing Assets/Lava_Flowing_Shader/Textures/lava1.png using Guid(93a726948508cc14eab67fb1abe2daa8) Importer(815301076,1909f56bfc062723c751e8b465ee728b)  -> (artifact id: 'f429aca18d8f22f5343c48eeec5a6504') in 0.033101 seconds 
  Import took 0.043402 seconds .

========================================================================
Received Prepare
Registering precompiled user dll's ...
Registered in 0.017563 seconds.
Begin MonoManager ReloadAssembly
Native extension for WindowsStandalone target not found
Refreshing native plugins compatible for Editor in 1.12 ms, found 5 plugins.
Preloading 0 native plugins for Editor in 0.00 ms.
Mono: successfully reloaded assembly
- Completed reload, in  2.358 seconds
Domain Reload Profiling:
	ReloadAssembly (2358ms)
		BeginReloadAssembly (139ms)
			ExecutionOrderSort (0ms)
			DisableScriptedObjects (6ms)
			BackupInstance (0ms)
			ReleaseScriptingObjects (0ms)
			CreateAndSetChildDomain (47ms)
		EndReloadAssembly (2142ms)
			LoadAssemblies (112ms)
			RebuildTransferFunctionScriptingTraits (0ms)
			SetupTypeCache (470ms)
			ReleaseScriptCaches (2ms)
			RebuildScriptCaches (87ms)
			SetupLoadedEditorAssemblies (1129ms)
				LogAssemblyErrors (0ms)
				InitializePlatformSupportModulesInManaged (4ms)
				SetLoadedEditorAssemblies (1ms)
				RefreshPlugins (1ms)
				BeforeProcessingInitializeOnLoad (141ms)
				ProcessInitializeOnLoadAttributes (959ms)
				ProcessInitializeOnLoadMethodAttributes (8ms)
				AfterProcessingInitializeOnLoad (13ms)
				EditorAssembliesLoaded (2ms)
			ExecutionOrderSort2 (0ms)
			AwakeInstancesAfterBackupRestoration (28ms)
Platform modules already initialized, skipping
Refreshing native plugins compatible for Editor in 1.44 ms, found 5 plugins.
Preloading 0 native plugins for Editor in 0.00 ms.
Unloading 4443 Unused Serialized files (Serialized files now loaded: 0)
System memory in use before: 219.9 MB.
System memory in use after: 220.2 MB.

Unloading 25 unused Assets to reduce memory usage. Loaded Objects now: 5753.
Total: 4.666200 ms (FindLiveObjects: 0.550300 ms CreateObjectMapping: 0.334300 ms MarkObjects: 3.578900 ms  DeleteObjects: 0.200700 ms)

AssetImportParameters requested are different than current active one (requested -> active):
  custom:framework-win-MediaFoundation: 216162199b28c13a410421893ffa2e32 -> 
  custom:video-decoder-ogg-theora: a1e56fd34408186e4bbccfd4996cb3dc -> 
  custom:container-muxer-webm: aa71ff27fc2769a1b78a27578f13a17b -> 
  custom:container-demuxer-webm: 4f35f7cbe854078d1ac9338744f61a02 -> 
  custom:container-demuxer-ogg: 62fdf1f143b41e24485cea50d1cbac27 -> 
  custom:video-encoder-webm-vp8: eb34c28f22e8b96e1ab97ce403110664 -> 
  custom:video-decoder-webm-vp8: 9c59270c3fd7afecdb556c50c9e8de78 -> 
  custom:audio-decoder-ogg-vorbis: bf7c407c2cedff20999df2af8eb42d56 -> 
  custom:audio-encoder-webm-vorbis: bf7c407c2cedff20999df2af8eb42d56 -> 
========================================================================
Received Prepare
Registering precompiled user dll's ...
Registered in 0.005847 seconds.
Begin MonoManager ReloadAssembly
Native extension for WindowsStandalone target not found
Refreshing native plugins compatible for Editor in 1.03 ms, found 5 plugins.
Preloading 0 native plugins for Editor in 0.00 ms.
Mono: successfully reloaded assembly
- Completed reload, in  2.025 seconds
Domain Reload Profiling:
	ReloadAssembly (2026ms)
		BeginReloadAssembly (153ms)
			ExecutionOrderSort (0ms)
			DisableScriptedObjects (6ms)
			BackupInstance (0ms)
			ReleaseScriptingObjects (0ms)
			CreateAndSetChildDomain (49ms)
		EndReloadAssembly (1804ms)
			LoadAssemblies (108ms)
			RebuildTransferFunctionScriptingTraits (0ms)
			SetupTypeCache (424ms)
			ReleaseScriptCaches (2ms)
			RebuildScriptCaches (82ms)
			SetupLoadedEditorAssemblies (909ms)
				LogAssemblyErrors (0ms)
				InitializePlatformSupportModulesInManaged (4ms)
				SetLoadedEditorAssemblies (0ms)
				RefreshPlugins (1ms)
				BeforeProcessingInitializeOnLoad (134ms)
				ProcessInitializeOnLoadAttributes (757ms)
				ProcessInitializeOnLoadMethodAttributes (7ms)
				AfterProcessingInitializeOnLoad (5ms)
				EditorAssembliesLoaded (0ms)
			ExecutionOrderSort2 (0ms)
			AwakeInstancesAfterBackupRestoration (28ms)
Platform modules already initialized, skipping
Refreshing native plugins compatible for Editor in 1.04 ms, found 5 plugins.
Preloading 0 native plugins for Editor in 0.00 ms.
Unloading 4443 Unused Serialized files (Serialized files now loaded: 0)
System memory in use before: 219.9 MB.
System memory in use after: 220.2 MB.

Unloading 25 unused Assets to reduce memory usage. Loaded Objects now: 5756.
Total: 4.937300 ms (FindLiveObjects: 0.591500 ms CreateObjectMapping: 0.346000 ms MarkObjects: 3.803500 ms  DeleteObjects: 0.194500 ms)

AssetImportParameters requested are different than current active one (requested -> active):
  custom:framework-win-MediaFoundation: 216162199b28c13a410421893ffa2e32 -> 
  custom:video-decoder-ogg-theora: a1e56fd34408186e4bbccfd4996cb3dc -> 
  custom:container-muxer-webm: aa71ff27fc2769a1b78a27578f13a17b -> 
  custom:container-demuxer-webm: 4f35f7cbe854078d1ac9338744f61a02 -> 
  custom:container-demuxer-ogg: 62fdf1f143b41e24485cea50d1cbac27 -> 
  custom:video-encoder-webm-vp8: eb34c28f22e8b96e1ab97ce403110664 -> 
  custom:video-decoder-webm-vp8: 9c59270c3fd7afecdb556c50c9e8de78 -> 
  custom:audio-decoder-ogg-vorbis: bf7c407c2cedff20999df2af8eb42d56 -> 
  custom:audio-encoder-webm-vorbis: bf7c407c2cedff20999df2af8eb42d56 -> 
========================================================================
Received Prepare
Registering precompiled user dll's ...
Registered in 0.005843 seconds.
Begin MonoManager ReloadAssembly
Native extension for WindowsStandalone target not found
Refreshing native plugins compatible for Editor in 0.97 ms, found 5 plugins.
Preloading 0 native plugins for Editor in 0.00 ms.
Mono: successfully reloaded assembly
- Completed reload, in  2.092 seconds
Domain Reload Profiling:
	ReloadAssembly (2092ms)
		BeginReloadAssembly (131ms)
			ExecutionOrderSort (0ms)
			DisableScriptedObjects (6ms)
			BackupInstance (0ms)
			ReleaseScriptingObjects (0ms)
			CreateAndSetChildDomain (44ms)
		EndReloadAssembly (1897ms)
			LoadAssemblies (101ms)
			RebuildTransferFunctionScriptingTraits (0ms)
			SetupTypeCache (431ms)
			ReleaseScriptCaches (2ms)
			RebuildScriptCaches (103ms)
			SetupLoadedEditorAssemblies (946ms)
				LogAssemblyErrors (0ms)
				InitializePlatformSupportModulesInManaged (5ms)
				SetLoadedEditorAssemblies (0ms)
				RefreshPlugins (1ms)
				BeforeProcessingInitializeOnLoad (131ms)
				ProcessInitializeOnLoadAttributes (796ms)
				ProcessInitializeOnLoadMethodAttributes (7ms)
				AfterProcessingInitializeOnLoad (6ms)
				EditorAssembliesLoaded (0ms)
			ExecutionOrderSort2 (0ms)
			AwakeInstancesAfterBackupRestoration (27ms)
Platform modules already initialized, skipping
Refreshing native plugins compatible for Editor in 1.02 ms, found 5 plugins.
Preloading 0 native plugins for Editor in 0.00 ms.
Unloading 4443 Unused Serialized files (Serialized files now loaded: 0)
System memory in use before: 219.9 MB.
System memory in use after: 220.2 MB.

Unloading 25 unused Assets to reduce memory usage. Loaded Objects now: 5759.
Total: 4.590800 ms (FindLiveObjects: 0.530000 ms CreateObjectMapping: 0.294700 ms MarkObjects: 3.566000 ms  DeleteObjects: 0.198900 ms)

AssetImportParameters requested are different than current active one (requested -> active):
  custom:framework-win-MediaFoundation: 216162199b28c13a410421893ffa2e32 -> 
  custom:video-decoder-ogg-theora: a1e56fd34408186e4bbccfd4996cb3dc -> 
  custom:container-muxer-webm: aa71ff27fc2769a1b78a27578f13a17b -> 
  custom:container-demuxer-webm: 4f35f7cbe854078d1ac9338744f61a02 -> 
  custom:container-demuxer-ogg: 62fdf1f143b41e24485cea50d1cbac27 -> 
  custom:video-encoder-webm-vp8: eb34c28f22e8b96e1ab97ce403110664 -> 
  custom:video-decoder-webm-vp8: 9c59270c3fd7afecdb556c50c9e8de78 -> 
  custom:audio-decoder-ogg-vorbis: bf7c407c2cedff20999df2af8eb42d56 -> 
  custom:audio-encoder-webm-vorbis: bf7c407c2cedff20999df2af8eb42d56 -> 
AssetImportWorkerClient::OnTransportError - code=2 error=End of file
