Using pre-set license
Built from '2020.3/staging' branch; Version is '2020.3.14f1 (d0d1bb862f9d) revision 13685179'; Using compiler version '192528614'; Build Type 'Release'
OS: 'Windows 10 Pro; OS build 19043.1237; Version 2009; 64bit' Language: 'es' Physical Memory: 8135 MB
BatchMode: 1, IsHumanControllingUs: 0, StartBugReporterOnCrash: 0, Is64bit: 1, IsPro: 0

 COMMAND LINE ARGUMENTS:
C:\Program Files\Unity\Hub\Editor\2020.3.14f1\Editor\Unity.exe
-adb2
-batchMode
-noUpm
-name
AssetImportWorker32
-projectPath
C:/Users/Alumne/Desktop/deimosHDRP
-logFile
Logs/AssetImportWorker32.log
-srvPort
60022
Successfully changed project path to: C:/Users/Alumne/Desktop/deimosHDRP
C:/Users/Alumne/Desktop/deimosHDRP
Using Asset Import Pipeline V2.
Refreshing native plugins compatible for Editor in 782.57 ms, found 2 plugins.
Preloading 0 native plugins for Editor in 0.00 ms.
Initialize engine version: 2020.3.14f1 (d0d1bb862f9d)
[Subsystems] Discovering subsystems at path C:/Program Files/Unity/Hub/Editor/2020.3.14f1/Editor/Data/Resources/UnitySubsystems
[Subsystems] Discovering subsystems at path C:/Users/Alumne/Desktop/deimosHDRP/Assets
GfxDevice: creating device client; threaded=0
Direct3D:
    Version:  Direct3D 11.0 [level 11.1]
    Renderer: NVIDIA GeForce GTX 1650 (ID=0x1f82)
    Vendor:   
    VRAM:     3962 MB
    Driver:   27.21.14.5751
Initialize mono
Mono path[0] = 'C:/Program Files/Unity/Hub/Editor/2020.3.14f1/Editor/Data/Managed'
Mono path[1] = 'C:/Program Files/Unity/Hub/Editor/2020.3.14f1/Editor/Data/MonoBleedingEdge/lib/mono/unityjit'
Mono config path = 'C:/Program Files/Unity/Hub/Editor/2020.3.14f1/Editor/Data/MonoBleedingEdge/etc'
Using monoOptions --debugger-agent=transport=dt_socket,embedding=1,server=y,suspend=n,address=127.0.0.1:56304
Begin MonoManager ReloadAssembly
Registering precompiled unity dll's ...
Register platform support module: C:/Program Files/Unity/Hub/Editor/2020.3.14f1/Editor/Data/PlaybackEngines/WindowsStandaloneSupport/UnityEditor.WindowsStandalone.Extensions.dll
Registered in 0.019038 seconds.
Native extension for WindowsStandalone target not found
Refreshing native plugins compatible for Editor in 321.90 ms, found 2 plugins.
Preloading 0 native plugins for Editor in 0.00 ms.
Mono: successfully reloaded assembly
- Completed reload, in  6.262 seconds
Domain Reload Profiling:
	ReloadAssembly (6262ms)
		BeginReloadAssembly (287ms)
			ExecutionOrderSort (0ms)
			DisableScriptedObjects (0ms)
			BackupInstance (0ms)
			ReleaseScriptingObjects (0ms)
			CreateAndSetChildDomain (1ms)
		EndReloadAssembly (2286ms)
			LoadAssemblies (276ms)
			RebuildTransferFunctionScriptingTraits (0ms)
			SetupTypeCache (1297ms)
			ReleaseScriptCaches (0ms)
			RebuildScriptCaches (92ms)
			SetupLoadedEditorAssemblies (613ms)
				LogAssemblyErrors (0ms)
				InitializePlatformSupportModulesInManaged (5ms)
				SetLoadedEditorAssemblies (1ms)
				RefreshPlugins (322ms)
				BeforeProcessingInitializeOnLoad (25ms)
				ProcessInitializeOnLoadAttributes (194ms)
				ProcessInitializeOnLoadMethodAttributes (65ms)
				AfterProcessingInitializeOnLoad (0ms)
				EditorAssembliesLoaded (0ms)
			ExecutionOrderSort2 (0ms)
			AwakeInstancesAfterBackupRestoration (0ms)
Platform modules already initialized, skipping
Registering precompiled user dll's ...
Registered in 0.007453 seconds.
Begin MonoManager ReloadAssembly
Native extension for WindowsStandalone target not found
Refreshing native plugins compatible for Editor in 659.23 ms, found 2 plugins.
Preloading 0 native plugins for Editor in 0.00 ms.
Mono: successfully reloaded assembly
- Completed reload, in 11.133 seconds
Domain Reload Profiling:
	ReloadAssembly (11139ms)
		BeginReloadAssembly (625ms)
			ExecutionOrderSort (0ms)
			DisableScriptedObjects (9ms)
			BackupInstance (0ms)
			ReleaseScriptingObjects (0ms)
			CreateAndSetChildDomain (109ms)
		EndReloadAssembly (10071ms)
			LoadAssemblies (356ms)
			RebuildTransferFunctionScriptingTraits (0ms)
			SetupTypeCache (1600ms)
			ReleaseScriptCaches (2ms)
			RebuildScriptCaches (794ms)
			SetupLoadedEditorAssemblies (6765ms)
				LogAssemblyErrors (0ms)
				InitializePlatformSupportModulesInManaged (16ms)
				SetLoadedEditorAssemblies (0ms)
				RefreshPlugins (659ms)
				BeforeProcessingInitializeOnLoad (579ms)
				ProcessInitializeOnLoadAttributes (4315ms)
				ProcessInitializeOnLoadMethodAttributes (1152ms)
				AfterProcessingInitializeOnLoad (35ms)
				EditorAssembliesLoaded (9ms)
			ExecutionOrderSort2 (0ms)
			AwakeInstancesAfterBackupRestoration (32ms)
Platform modules already initialized, skipping
========================================================================
Worker process is ready to serve import requests
Launched and connected shader compiler UnityShaderCompiler.exe after 0.26 seconds
Refreshing native plugins compatible for Editor in 3.41 ms, found 2 plugins.
Preloading 0 native plugins for Editor in 0.00 ms.
Unloading 4651 Unused Serialized files (Serialized files now loaded: 0)
System memory in use before: 221.6 MB.
System memory in use after: 221.6 MB.

Unloading 35 unused Assets to reduce memory usage. Loaded Objects now: 5119.
Total: 86.486000 ms (FindLiveObjects: 7.130100 ms CreateObjectMapping: 5.445500 ms MarkObjects: 67.786300 ms  DeleteObjects: 5.929200 ms)

AssetImportParameters requested are different than current active one (requested -> active):
  custom:framework-win-MediaFoundation: 216162199b28c13a410421893ffa2e32 -> 
  custom:video-decoder-ogg-theora: a1e56fd34408186e4bbccfd4996cb3dc -> 
  custom:container-muxer-webm: aa71ff27fc2769a1b78a27578f13a17b -> 
  custom:container-demuxer-webm: 4f35f7cbe854078d1ac9338744f61a02 -> 
  custom:container-demuxer-ogg: 62fdf1f143b41e24485cea50d1cbac27 -> 
  custom:video-encoder-webm-vp8: eb34c28f22e8b96e1ab97ce403110664 -> 
  custom:video-decoder-webm-vp8: 9c59270c3fd7afecdb556c50c9e8de78 -> 
  custom:audio-decoder-ogg-vorbis: bf7c407c2cedff20999df2af8eb42d56 -> 
  custom:audio-encoder-webm-vorbis: bf7c407c2cedff20999df2af8eb42d56 -> 
========================================================================
Received Import Request.
  path: Assets/kindpng_1918677.png
  artifactKey: Guid(7d1c7660a8af1ad429c15b960da28396) Importer(815301076,1909f56bfc062723c751e8b465ee728b)
Start importing Assets/kindpng_1918677.png using Guid(7d1c7660a8af1ad429c15b960da28396) Importer(815301076,1909f56bfc062723c751e8b465ee728b)  -> (artifact id: 'f48f08f1998906c669b56653c3220ed2') in 1.392908 seconds 
  Import took 1.504785 seconds .

========================================================================
Received Import Request.
  Time since last request: 0.000290 seconds.
  path: Assets/SeekPng.com_crosshair-png_116065.png
  artifactKey: Guid(cf67e1abb9e41f44f8a05f3128d1f86f) Importer(815301076,1909f56bfc062723c751e8b465ee728b)
Start importing Assets/SeekPng.com_crosshair-png_116065.png using Guid(cf67e1abb9e41f44f8a05f3128d1f86f) Importer(815301076,1909f56bfc062723c751e8b465ee728b)  -> (artifact id: 'dffd6100c4482fdd2c98856a9a38b0cb') in 0.279685 seconds 
  Import took 0.351381 seconds .

========================================================================
Received Import Request.
  Time since last request: 0.000066 seconds.
  path: Assets/hojas.prefab
  artifactKey: Guid(dcbf6c99ad4f3304f83da30009a38c9c) Importer(815301076,1909f56bfc062723c751e8b465ee728b)
Start importing Assets/hojas.prefab using Guid(dcbf6c99ad4f3304f83da30009a38c9c) Importer(815301076,1909f56bfc062723c751e8b465ee728b) Launched and connected shader compiler UnityShaderCompiler.exe after 0.25 seconds
Launched and connected shader compiler UnityShaderCompiler.exe after 0.43 seconds
Launched and connected shader compiler UnityShaderCompiler.exe after 1.06 seconds
 -> (artifact id: '2acd6d8371e3c27960764dcbc37ac876') in 50.888454 seconds 
  Import took 51.243888 seconds .

========================================================================
Received Import Request.
  Time since last request: 0.009391 seconds.
  path: Assets/Deimos.asset
  artifactKey: Guid(68bea72a97219744da79223fc3a4c83c) Importer(815301076,1909f56bfc062723c751e8b465ee728b)
Start importing Assets/Deimos.asset using Guid(68bea72a97219744da79223fc3a4c83c) Importer(815301076,1909f56bfc062723c751e8b465ee728b) Material 'tronco' with Shader 'HDRP/ArnoldStandardSurface/ArnoldStandardSurface' doesn't have a texture property '_MainTex'

The tree arbol couldn't be instanced because the prefab contains no valid mesh renderer.

 -> (artifact id: 'e573b6f3e61758fa445ea0da271745ce') in 0.263755 seconds 
  Import took 0.334790 seconds .

========================================================================
Received Import Request.
  Time since last request: 0.000515 seconds.
  path: Assets/arbol_2.fbx
  artifactKey: Guid(31d66ecc432c67745a17d6eebd3a9d09) Importer(815301076,1909f56bfc062723c751e8b465ee728b)
Start importing Assets/arbol_2.fbx using Guid(31d66ecc432c67745a17d6eebd3a9d09) Importer(815301076,1909f56bfc062723c751e8b465ee728b)  -> (artifact id: '0fbe9e93d8c93f74014216f8ea4168f9') in 71.019246 seconds 
  Import took 71.047103 seconds .

========================================================================
Received Import Request.
  Time since last request: 0.000313 seconds.
  path: Assets/InputSystem.inputsettings.asset
  artifactKey: Guid(f2cd9052c4bd23543a7a9f411aabd2ef) Importer(815301076,1909f56bfc062723c751e8b465ee728b)
Start importing Assets/InputSystem.inputsettings.asset using Guid(f2cd9052c4bd23543a7a9f411aabd2ef) Importer(815301076,1909f56bfc062723c751e8b465ee728b)  -> (artifact id: 'b15f37ae659f4c0ace00c136213bd4b0') in 0.072425 seconds 
  Import took 0.103061 seconds .

========================================================================
Received Import Request.
  Time since last request: 0.000072 seconds.
  path: Assets/New HDRenderPipelineAsset.asset
  artifactKey: Guid(e40a394d5f033d54e85aeab2a3d8fcfa) Importer(815301076,1909f56bfc062723c751e8b465ee728b)
Start importing Assets/New HDRenderPipelineAsset.asset using Guid(e40a394d5f033d54e85aeab2a3d8fcfa) Importer(815301076,1909f56bfc062723c751e8b465ee728b)  -> (artifact id: '327de5712fbaec4cb9749ba75167a24a') in 0.046026 seconds 
  Import took 0.068580 seconds .

========================================================================
Received Import Request.
  Time since last request: 0.000307 seconds.
  path: Assets/SampleSceneAssets/TutorialInfo/Readme.asset
  artifactKey: Guid(83c2ed844a8c74b779a4c823d16594b1) Importer(815301076,1909f56bfc062723c751e8b465ee728b)
Start importing Assets/SampleSceneAssets/TutorialInfo/Readme.asset using Guid(83c2ed844a8c74b779a4c823d16594b1) Importer(815301076,1909f56bfc062723c751e8b465ee728b)  -> (artifact id: '17459b2593d337ebab0d120e775ef02f') in 0.047659 seconds 
  Import took 0.068677 seconds .

========================================================================
Received Import Request.
  Time since last request: 3253.779133 seconds.
  path: Assets/Scenes
  artifactKey: Guid(e420af30a5a5bd34eabb077f2b40a2d0) Importer(815301076,1909f56bfc062723c751e8b465ee728b)
Start importing Assets/Scenes using Guid(e420af30a5a5bd34eabb077f2b40a2d0) Importer(815301076,1909f56bfc062723c751e8b465ee728b)  -> (artifact id: 'ffde76f2ca35fb218ec42dfedb4591e0') in 0.007824 seconds 
  Import took 0.030263 seconds .

========================================================================
Received Import Request.
  Time since last request: 1.748833 seconds.
  path: Assets/Scenes/Level 2.unity
  artifactKey: Guid(5b33e1794598ee84f9479b75e391da0a) Importer(815301076,1909f56bfc062723c751e8b465ee728b)
Start importing Assets/Scenes/Level 2.unity using Guid(5b33e1794598ee84f9479b75e391da0a) Importer(815301076,1909f56bfc062723c751e8b465ee728b)  -> (artifact id: '5edd685a40762a32c8d7fefbe02b966b') in 0.010520 seconds 
  Import took 0.020585 seconds .

========================================================================
Received Import Request.
  Time since last request: 5.546701 seconds.
  path: Assets/Scenes/Level 2.5.unity
  artifactKey: Guid(4dd0c26ae0e4d2b4d80a57baf02ad334) Importer(815301076,1909f56bfc062723c751e8b465ee728b)
Start importing Assets/Scenes/Level 2.5.unity using Guid(4dd0c26ae0e4d2b4d80a57baf02ad334) Importer(815301076,1909f56bfc062723c751e8b465ee728b)  -> (artifact id: 'a0cde4bc04ecbec4239e13e7d311e486') in 0.010609 seconds 
  Import took 0.019747 seconds .

========================================================================
Received Import Request.
  Time since last request: 6.930809 seconds.
  path: Assets/Scenes/Level 1_v1.1.unity
  artifactKey: Guid(85a80f1d3e8fc5c4b89d20f10a1b1fec) Importer(815301076,1909f56bfc062723c751e8b465ee728b)
Start importing Assets/Scenes/Level 1_v1.1.unity using Guid(85a80f1d3e8fc5c4b89d20f10a1b1fec) Importer(815301076,1909f56bfc062723c751e8b465ee728b)  -> (artifact id: 'fa9600017613560ec34a48c6aade3305') in 0.010546 seconds 
  Import took 0.019971 seconds .

========================================================================
Received Import Request.
  Time since last request: 12.621326 seconds.
  path: Assets/Scenes/Level1.unity
  artifactKey: Guid(864e5be1f7ab8964c84c2f60e8a95a7f) Importer(815301076,1909f56bfc062723c751e8b465ee728b)
Start importing Assets/Scenes/Level1.unity using Guid(864e5be1f7ab8964c84c2f60e8a95a7f) Importer(815301076,1909f56bfc062723c751e8b465ee728b)  -> (artifact id: '3e9f8701bdd0747fef244e3fcf1195cd') in 0.010361 seconds 
  Import took 0.020773 seconds .

========================================================================
Received Prepare
Registering precompiled user dll's ...
Registered in 0.007912 seconds.
Begin MonoManager ReloadAssembly
Native extension for WindowsStandalone target not found
Refreshing native plugins compatible for Editor in 1.13 ms, found 2 plugins.
Preloading 0 native plugins for Editor in 0.00 ms.
Mono: successfully reloaded assembly
- Completed reload, in  2.484 seconds
Domain Reload Profiling:
	ReloadAssembly (2486ms)
		BeginReloadAssembly (398ms)
			ExecutionOrderSort (0ms)
			DisableScriptedObjects (101ms)
			BackupInstance (0ms)
			ReleaseScriptingObjects (0ms)
			CreateAndSetChildDomain (109ms)
		EndReloadAssembly (1964ms)
			LoadAssemblies (127ms)
			RebuildTransferFunctionScriptingTraits (0ms)
			SetupTypeCache (520ms)
			ReleaseScriptCaches (3ms)
			RebuildScriptCaches (87ms)
			SetupLoadedEditorAssemblies (932ms)
				LogAssemblyErrors (0ms)
				InitializePlatformSupportModulesInManaged (5ms)
				SetLoadedEditorAssemblies (1ms)
				RefreshPlugins (1ms)
				BeforeProcessingInitializeOnLoad (135ms)
				ProcessInitializeOnLoadAttributes (774ms)
				ProcessInitializeOnLoadMethodAttributes (7ms)
				AfterProcessingInitializeOnLoad (8ms)
				EditorAssembliesLoaded (0ms)
			ExecutionOrderSort2 (0ms)
			AwakeInstancesAfterBackupRestoration (11ms)
Platform modules already initialized, skipping
Refreshing native plugins compatible for Editor in 1.21 ms, found 2 plugins.
Preloading 0 native plugins for Editor in 0.00 ms.
Unloading 4318 Unused Serialized files (Serialized files now loaded: 0)
System memory in use before: 212.6 MB.
System memory in use after: 212.7 MB.

Unloading 18 unused Assets to reduce memory usage. Loaded Objects now: 5294.
Total: 4.397800 ms (FindLiveObjects: 0.464200 ms CreateObjectMapping: 0.286500 ms MarkObjects: 3.474400 ms  DeleteObjects: 0.171400 ms)

AssetImportParameters requested are different than current active one (requested -> active):
  custom:framework-win-MediaFoundation: 216162199b28c13a410421893ffa2e32 -> 
  custom:video-decoder-ogg-theora: a1e56fd34408186e4bbccfd4996cb3dc -> 
  custom:container-muxer-webm: aa71ff27fc2769a1b78a27578f13a17b -> 
  custom:container-demuxer-webm: 4f35f7cbe854078d1ac9338744f61a02 -> 
  custom:container-demuxer-ogg: 62fdf1f143b41e24485cea50d1cbac27 -> 
  custom:video-encoder-webm-vp8: eb34c28f22e8b96e1ab97ce403110664 -> 
  custom:video-decoder-webm-vp8: 9c59270c3fd7afecdb556c50c9e8de78 -> 
  custom:audio-decoder-ogg-vorbis: bf7c407c2cedff20999df2af8eb42d56 -> 
  custom:audio-encoder-webm-vorbis: bf7c407c2cedff20999df2af8eb42d56 -> 
